{"/home/travis/build/npmtest/node-npmtest-nouislider/test.js":{"path":"/home/travis/build/npmtest/node-npmtest-nouislider/test.js","s":{"1":2,"2":2,"3":2,"4":2,"5":2,"6":2,"7":2,"8":1,"9":2,"10":2,"11":1,"12":1,"13":1,"14":1,"15":2,"16":2,"17":2,"18":2,"19":1,"20":1,"21":2,"22":2,"23":2,"24":1,"25":1,"26":1,"27":1,"28":1,"29":1,"30":1,"31":1,"32":1,"33":1,"34":1,"35":1,"36":1,"37":1,"38":1,"39":2,"40":2,"41":1,"42":2,"43":2,"44":1,"45":2,"46":2,"47":1,"48":2,"49":2,"50":1,"51":1,"52":1,"53":1,"54":1},"b":{"1":[2,1,1,1],"2":[1,1,1,1],"3":[1,1],"4":[1,1],"5":[1,1],"6":[1,1],"7":[1,1],"8":[1,1],"9":[1,1],"10":[1,1,1],"11":[1,1],"12":[1,1],"13":[1,1],"14":[1,1],"15":[1,1],"16":[1,1],"17":[1,1]},"f":{"1":2,"2":2,"3":2,"4":2,"5":2,"6":1,"7":1,"8":1,"9":2,"10":2,"11":2,"12":2,"13":1},"fnMap":{"1":{"name":"(anonymous_1)","line":12,"loc":{"start":{"line":12,"column":1},"end":{"line":12,"column":13}}},"2":{"name":"(anonymous_2)","line":19,"loc":{"start":{"line":19,"column":5},"end":{"line":19,"column":17}}},"3":{"name":"(anonymous_3)","line":23,"loc":{"start":{"line":23,"column":24},"end":{"line":23,"column":36}}},"4":{"name":"(anonymous_4)","line":61,"loc":{"start":{"line":61,"column":5},"end":{"line":61,"column":17}}},"5":{"name":"(anonymous_5)","line":82,"loc":{"start":{"line":82,"column":5},"end":{"line":82,"column":17}}},"6":{"name":"(anonymous_6)","line":91,"loc":{"start":{"line":91,"column":77},"end":{"line":94,"column":10}}},"7":{"name":"(anonymous_7)","line":112,"loc":{"start":{"line":112,"column":83},"end":{"line":115,"column":10}},"skip":true},"8":{"name":"(anonymous_8)","line":123,"loc":{"start":{"line":123,"column":77},"end":{"line":126,"column":10}},"skip":true},"9":{"name":"(anonymous_9)","line":139,"loc":{"start":{"line":139,"column":12},"end":{"line":139,"column":40}},"skip":true},"10":{"name":"(anonymous_10)","line":147,"loc":{"start":{"line":147,"column":77},"end":{"line":150,"column":10}},"skip":true},"11":{"name":"(anonymous_11)","line":158,"loc":{"start":{"line":158,"column":83},"end":{"line":161,"column":10}},"skip":true},"12":{"name":"(anonymous_12)","line":169,"loc":{"start":{"line":169,"column":79},"end":{"line":172,"column":10}},"skip":true},"13":{"name":"(anonymous_13)","line":180,"loc":{"start":{"line":180,"column":75},"end":{"line":183,"column":10}},"skip":true}},"statementMap":{"1":{"start":{"line":12,"column":0},"end":{"line":195,"column":5}},"2":{"start":{"line":14,"column":4},"end":{"line":14,"column":14}},"3":{"start":{"line":19,"column":4},"end":{"line":56,"column":9}},"4":{"start":{"line":21,"column":8},"end":{"line":21,"column":19}},"5":{"start":{"line":23,"column":8},"end":{"line":35,"column":13}},"6":{"start":{"line":24,"column":12},"end":{"line":34,"column":13}},"7":{"start":{"line":25,"column":16},"end":{"line":28,"column":30}},"8":{"start":{"line":30,"column":16},"end":{"line":33,"column":27}},"9":{"start":{"line":37,"column":8},"end":{"line":39,"column":21}},"10":{"start":{"line":40,"column":8},"end":{"line":53,"column":9}},"11":{"start":{"line":43,"column":12},"end":{"line":46,"column":14}},"12":{"start":{"line":47,"column":12},"end":{"line":47,"column":18}},"13":{"start":{"line":50,"column":12},"end":{"line":51,"column":33}},"14":{"start":{"line":52,"column":12},"end":{"line":52,"column":18}},"15":{"start":{"line":55,"column":8},"end":{"line":55,"column":35}},"16":{"start":{"line":61,"column":4},"end":{"line":63,"column":9}},"17":{"start":{"line":62,"column":8},"end":{"line":62,"column":15}},"18":{"start":{"line":64,"column":4},"end":{"line":77,"column":5}},"19":{"start":{"line":70,"column":8},"end":{"line":70,"column":14}},"20":{"start":{"line":76,"column":8},"end":{"line":76,"column":14}},"21":{"start":{"line":82,"column":4},"end":{"line":84,"column":9}},"22":{"start":{"line":83,"column":8},"end":{"line":83,"column":15}},"23":{"start":{"line":85,"column":4},"end":{"line":194,"column":5}},"24":{"start":{"line":91,"column":8},"end":{"line":99,"column":10}},"25":{"start":{"line":98,"column":12},"end":{"line":98,"column":35}},"26":{"start":{"line":102,"column":8},"end":{"line":104,"column":63}},"27":{"start":{"line":105,"column":8},"end":{"line":105,"column":14}},"28":{"start":{"line":112,"column":8},"end":{"line":121,"column":10},"skip":true},"29":{"start":{"line":119,"column":12},"end":{"line":119,"column":55},"skip":true},"30":{"start":{"line":120,"column":12},"end":{"line":120,"column":48},"skip":true},"31":{"start":{"line":123,"column":8},"end":{"line":136,"column":10},"skip":true},"32":{"start":{"line":130,"column":12},"end":{"line":130,"column":76},"skip":true},"33":{"start":{"line":131,"column":12},"end":{"line":131,"column":73},"skip":true},"34":{"start":{"line":132,"column":12},"end":{"line":132,"column":74},"skip":true},"35":{"start":{"line":133,"column":12},"end":{"line":133,"column":79},"skip":true},"36":{"start":{"line":134,"column":12},"end":{"line":134,"column":25},"skip":true},"37":{"start":{"line":135,"column":12},"end":{"line":135,"column":45},"skip":true},"38":{"start":{"line":138,"column":8},"end":{"line":145,"column":14},"skip":true},"39":{"start":{"line":143,"column":16},"end":{"line":143,"column":29},"skip":true},"40":{"start":{"line":144,"column":16},"end":{"line":144,"column":55},"skip":true},"41":{"start":{"line":147,"column":8},"end":{"line":156,"column":10},"skip":true},"42":{"start":{"line":154,"column":12},"end":{"line":154,"column":25},"skip":true},"43":{"start":{"line":155,"column":12},"end":{"line":155,"column":45},"skip":true},"44":{"start":{"line":158,"column":8},"end":{"line":167,"column":10},"skip":true},"45":{"start":{"line":165,"column":12},"end":{"line":165,"column":25},"skip":true},"46":{"start":{"line":166,"column":12},"end":{"line":166,"column":48},"skip":true},"47":{"start":{"line":169,"column":8},"end":{"line":178,"column":10},"skip":true},"48":{"start":{"line":176,"column":12},"end":{"line":176,"column":25},"skip":true},"49":{"start":{"line":177,"column":12},"end":{"line":177,"column":46},"skip":true},"50":{"start":{"line":180,"column":8},"end":{"line":189,"column":10},"skip":true},"51":{"start":{"line":187,"column":12},"end":{"line":187,"column":94},"skip":true},"52":{"start":{"line":188,"column":12},"end":{"line":188,"column":48},"skip":true},"53":{"start":{"line":192,"column":8},"end":{"line":192,"column":35},"skip":true},"54":{"start":{"line":193,"column":8},"end":{"line":193,"column":14},"skip":true}},"branchMap":{"1":{"line":25,"type":"binary-expr","locations":[{"start":{"line":25,"column":23},"end":{"line":25,"column":62}},{"start":{"line":26,"column":20},"end":{"line":26,"column":70}},{"start":{"line":27,"column":20},"end":{"line":27,"column":71}},{"start":{"line":28,"column":20},"end":{"line":28,"column":29}}]},"2":{"line":30,"type":"binary-expr","locations":[{"start":{"line":30,"column":23},"end":{"line":30,"column":37}},{"start":{"line":31,"column":20},"end":{"line":31,"column":61}},{"start":{"line":32,"column":20},"end":{"line":32,"column":70}},{"start":{"line":33,"column":20},"end":{"line":33,"column":26}}]},"3":{"line":37,"type":"cond-expr","locations":[{"start":{"line":38,"column":14},"end":{"line":38,"column":20}},{"start":{"line":39,"column":14},"end":{"line":39,"column":20}}]},"4":{"line":40,"type":"switch","locations":[{"start":{"line":42,"column":8},"end":{"line":47,"column":18}},{"start":{"line":49,"column":8},"end":{"line":52,"column":18}}]},"5":{"line":44,"type":"binary-expr","locations":[{"start":{"line":44,"column":16},"end":{"line":44,"column":44}},{"start":{"line":44,"column":48},"end":{"line":44,"column":66}}]},"6":{"line":50,"type":"binary-expr","locations":[{"start":{"line":50,"column":21},"end":{"line":50,"column":49}},{"start":{"line":50,"column":53},"end":{"line":50,"column":72}}]},"7":{"line":64,"type":"switch","locations":[{"start":{"line":69,"column":4},"end":{"line":70,"column":14}},{"start":{"line":75,"column":4},"end":{"line":76,"column":14}}]},"8":{"line":85,"type":"switch","locations":[{"start":{"line":90,"column":4},"end":{"line":105,"column":14}},{"start":{"line":111,"column":4},"end":{"line":193,"column":14},"skip":true}]},"9":{"line":91,"type":"binary-expr","locations":[{"start":{"line":91,"column":42},"end":{"line":91,"column":73}},{"start":{"line":91,"column":77},"end":{"line":99,"column":9}}]},"10":{"line":102,"type":"binary-expr","locations":[{"start":{"line":102,"column":18},"end":{"line":102,"column":32}},{"start":{"line":103,"column":12},"end":{"line":103,"column":53}},{"start":{"line":104,"column":12},"end":{"line":104,"column":61}}]},"11":{"line":112,"type":"binary-expr","locations":[{"start":{"line":112,"column":45},"end":{"line":112,"column":79},"skip":true},{"start":{"line":112,"column":83},"end":{"line":121,"column":9},"skip":true}]},"12":{"line":123,"type":"binary-expr","locations":[{"start":{"line":123,"column":42},"end":{"line":123,"column":73},"skip":true},{"start":{"line":123,"column":77},"end":{"line":136,"column":9},"skip":true}]},"13":{"line":138,"type":"binary-expr","locations":[{"start":{"line":138,"column":48},"end":{"line":138,"column":85},"skip":true},{"start":{"line":139,"column":12},"end":{"line":145,"column":13},"skip":true}]},"14":{"line":147,"type":"binary-expr","locations":[{"start":{"line":147,"column":42},"end":{"line":147,"column":73},"skip":true},{"start":{"line":147,"column":77},"end":{"line":156,"column":9},"skip":true}]},"15":{"line":158,"type":"binary-expr","locations":[{"start":{"line":158,"column":45},"end":{"line":158,"column":79},"skip":true},{"start":{"line":158,"column":83},"end":{"line":167,"column":9},"skip":true}]},"16":{"line":169,"type":"binary-expr","locations":[{"start":{"line":169,"column":43},"end":{"line":169,"column":75},"skip":true},{"start":{"line":169,"column":79},"end":{"line":178,"column":9},"skip":true}]},"17":{"line":180,"type":"binary-expr","locations":[{"start":{"line":180,"column":41},"end":{"line":180,"column":71},"skip":true},{"start":{"line":180,"column":75},"end":{"line":189,"column":9},"skip":true}]}},"code":["/* istanbul instrument in package npmtest_nouislider */","/*jslint","    bitwise: true,","    browser: true,","    maxerr: 8,","    maxlen: 96,","    node: true,","    nomen: true,","    regexp: true,","    stupid: true","*/","(function () {","    'use strict';","    var local;","","","","    // run shared js-env code - init-before","    (function () {","        // init local","        local = {};","        // init modeJs","        local.modeJs = (function () {","            try {","                return typeof navigator.userAgent === 'string' &&","                    typeof document.querySelector('body') === 'object' &&","                    typeof XMLHttpRequest.prototype.open === 'function' &&","                    'browser';","            } catch (errorCaughtBrowser) {","                return module.exports &&","                    typeof process.versions.node === 'string' &&","                    typeof require('http').createServer === 'function' &&","                    'node';","            }","        }());","        // init global","        local.global = local.modeJs === 'browser'","            ? window","            : global;","        switch (local.modeJs) {","        // re-init local from window.local","        case 'browser':","            local = local.global.utility2.objectSetDefault(","                local.global.utility2_rollup || local.global.local,","                local.global.utility2","            );","            break;","        // re-init local from example.js","        case 'node':","            local = (local.global.utility2_rollup || require('utility2'))","                .requireReadme();","            break;","        }","        // export local","        local.global.local = local;","    }());","","","","    // run shared js-env code - function","    (function () {","        return;","    }());","    switch (local.modeJs) {","","","","    // run browser js-env code - function","    case 'browser':","        break;","","","","    // run node js-env code - function","    case 'node':","        break;","    }","","","","    // run shared js-env code - init-after","    (function () {","        return;","    }());","    switch (local.modeJs) {","","","","    // run browser js-env code - init-after","    case 'browser':","        local.testCase_browser_nullCase = local.testCase_browser_nullCase || function (","            options,","            onError","        ) {","        /*","         * this function will test browsers's null-case handling-behavior-behavior","         */","            onError(null, options);","        };","","        // run tests","        local.nop(local.modeTest &&","            document.querySelector('#testRunButton1') &&","            document.querySelector('#testRunButton1').click());","        break;","","","","    // run node js-env code - init-after","    /* istanbul ignore next */","    case 'node':","        local.testCase_buildApidoc_default = local.testCase_buildApidoc_default || function (","            options,","            onError","        ) {","        /*","         * this function will test buildApidoc's default handling-behavior-behavior","         */","            options = { modulePathList: module.paths };","            local.buildApidoc(options, onError);","        };","","        local.testCase_buildApp_default = local.testCase_buildApp_default || function (","            options,","            onError","        ) {","        /*","         * this function will test buildApp's default handling-behavior-behavior","         */","            local.testCase_buildReadme_default(options, local.onErrorThrow);","            local.testCase_buildLib_default(options, local.onErrorThrow);","            local.testCase_buildTest_default(options, local.onErrorThrow);","            local.testCase_buildCustomOrg_default(options, local.onErrorThrow);","            options = [];","            local.buildApp(options, onError);","        };","","        local.testCase_buildCustomOrg_default = local.testCase_buildCustomOrg_default ||","            function (options, onError) {","            /*","             * this function will test buildCustomOrg's default handling-behavior","             */","                options = {};","                local.buildCustomOrg(options, onError);","            };","","        local.testCase_buildLib_default = local.testCase_buildLib_default || function (","            options,","            onError","        ) {","        /*","         * this function will test buildLib's default handling-behavior","         */","            options = {};","            local.buildLib(options, onError);","        };","","        local.testCase_buildReadme_default = local.testCase_buildReadme_default || function (","            options,","            onError","        ) {","        /*","         * this function will test buildReadme's default handling-behavior-behavior","         */","            options = {};","            local.buildReadme(options, onError);","        };","","        local.testCase_buildTest_default = local.testCase_buildTest_default || function (","            options,","            onError","        ) {","        /*","         * this function will test buildTest's default handling-behavior","         */","            options = {};","            local.buildTest(options, onError);","        };","","        local.testCase_webpage_default = local.testCase_webpage_default || function (","            options,","            onError","        ) {","        /*","         * this function will test webpage's default handling-behavior","         */","            options = { modeCoverageMerge: true, url: local.serverLocalHost + '?modeTest=1' };","            local.browserTest(options, onError);","        };","","        // run test-server","        local.testRunServer(local);","        break;","    }","}());",""],"l":{"12":2,"14":2,"19":2,"21":2,"23":2,"24":2,"25":2,"30":1,"37":2,"40":2,"43":1,"47":1,"50":1,"52":1,"55":2,"61":2,"62":2,"64":2,"70":1,"76":1,"82":2,"83":2,"85":2,"91":1,"98":1,"102":1,"105":1,"112":1,"119":1,"120":1,"123":1,"130":1,"131":1,"132":1,"133":1,"134":1,"135":1,"138":1,"143":2,"144":2,"147":1,"154":2,"155":2,"158":1,"165":2,"166":2,"169":1,"176":2,"177":2,"180":1,"187":1,"188":1,"192":1,"193":1}},"/home/travis/build/npmtest/node-npmtest-nouislider/lib.npmtest_nouislider.js":{"path":"/home/travis/build/npmtest/node-npmtest-nouislider/lib.npmtest_nouislider.js","s":{"1":2,"2":2,"3":2,"4":2,"5":2,"6":2,"7":2,"8":1,"9":2,"10":2,"11":2,"12":2,"13":1,"14":1,"15":1,"16":1},"b":{"1":[2,1,1,1],"2":[1,1,1,1],"3":[1,1],"4":[2,2],"5":[1,1]},"f":{"1":2,"2":2,"3":2},"fnMap":{"1":{"name":"(anonymous_1)","line":12,"loc":{"start":{"line":12,"column":1},"end":{"line":12,"column":13}}},"2":{"name":"(anonymous_2)","line":19,"loc":{"start":{"line":19,"column":5},"end":{"line":19,"column":17}}},"3":{"name":"(anonymous_3)","line":23,"loc":{"start":{"line":23,"column":24},"end":{"line":23,"column":36}}}},"statementMap":{"1":{"start":{"line":12,"column":0},"end":{"line":53,"column":5}},"2":{"start":{"line":14,"column":4},"end":{"line":14,"column":14}},"3":{"start":{"line":19,"column":4},"end":{"line":52,"column":9}},"4":{"start":{"line":21,"column":8},"end":{"line":21,"column":19}},"5":{"start":{"line":23,"column":8},"end":{"line":35,"column":13}},"6":{"start":{"line":24,"column":12},"end":{"line":34,"column":13}},"7":{"start":{"line":25,"column":16},"end":{"line":28,"column":30}},"8":{"start":{"line":30,"column":16},"end":{"line":33,"column":27}},"9":{"start":{"line":37,"column":8},"end":{"line":39,"column":21}},"10":{"start":{"line":41,"column":8},"end":{"line":41,"column":54}},"11":{"start":{"line":43,"column":8},"end":{"line":43,"column":55}},"12":{"start":{"line":45,"column":8},"end":{"line":51,"column":9}},"13":{"start":{"line":46,"column":12},"end":{"line":46,"column":61}},"14":{"start":{"line":48,"column":12},"end":{"line":48,"column":35}},"15":{"start":{"line":49,"column":12},"end":{"line":49,"column":49}},"16":{"start":{"line":50,"column":12},"end":{"line":50,"column":43}}},"branchMap":{"1":{"line":25,"type":"binary-expr","locations":[{"start":{"line":25,"column":23},"end":{"line":25,"column":62}},{"start":{"line":26,"column":20},"end":{"line":26,"column":70}},{"start":{"line":27,"column":20},"end":{"line":27,"column":71}},{"start":{"line":28,"column":20},"end":{"line":28,"column":29}}]},"2":{"line":30,"type":"binary-expr","locations":[{"start":{"line":30,"column":23},"end":{"line":30,"column":37}},{"start":{"line":31,"column":20},"end":{"line":31,"column":61}},{"start":{"line":32,"column":20},"end":{"line":32,"column":70}},{"start":{"line":33,"column":20},"end":{"line":33,"column":26}}]},"3":{"line":37,"type":"cond-expr","locations":[{"start":{"line":38,"column":14},"end":{"line":38,"column":20}},{"start":{"line":39,"column":14},"end":{"line":39,"column":20}}]},"4":{"line":41,"type":"binary-expr","locations":[{"start":{"line":41,"column":16},"end":{"line":41,"column":44}},{"start":{"line":41,"column":48},"end":{"line":41,"column":53}}]},"5":{"line":45,"type":"if","locations":[{"start":{"line":45,"column":8},"end":{"line":45,"column":8}},{"start":{"line":45,"column":8},"end":{"line":45,"column":8}}]}},"code":["/* istanbul instrument in package npmtest_nouislider */","/*jslint","    bitwise: true,","    browser: true,","    maxerr: 8,","    maxlen: 96,","    node: true,","    nomen: true,","    regexp: true,","    stupid: true","*/","(function () {","    'use strict';","    var local;","","","","    // run shared js-env code - init-before","    (function () {","        // init local","        local = {};","        // init modeJs","        local.modeJs = (function () {","            try {","                return typeof navigator.userAgent === 'string' &&","                    typeof document.querySelector('body') === 'object' &&","                    typeof XMLHttpRequest.prototype.open === 'function' &&","                    'browser';","            } catch (errorCaughtBrowser) {","                return module.exports &&","                    typeof process.versions.node === 'string' &&","                    typeof require('http').createServer === 'function' &&","                    'node';","            }","        }());","        // init global","        local.global = local.modeJs === 'browser'","            ? window","            : global;","        // init utility2_rollup","        local = local.global.utility2_rollup || local;","        // init lib","        local.local = local.npmtest_nouislider = local;","        // init exports","        if (local.modeJs === 'browser') {","            local.global.utility2_npmtest_nouislider = local;","        } else {","            module.exports = local;","            module.exports.__dirname = __dirname;","            module.exports.module = module;","        }","    }());","}());",""],"l":{"12":2,"14":2,"19":2,"21":2,"23":2,"24":2,"25":2,"30":1,"37":2,"41":2,"43":2,"45":2,"46":1,"48":1,"49":1,"50":1}},"/home/travis/build/npmtest/node-npmtest-nouislider/example.js":{"path":"/home/travis/build/npmtest/node-npmtest-nouislider/example.js","s":{"1":2,"2":2,"3":2,"4":2,"5":2,"6":2,"7":2,"8":1,"9":2,"10":2,"11":2,"12":2,"13":1,"14":2,"15":2,"16":2,"17":2,"18":2,"19":0,"20":2,"21":1,"22":1,"23":1,"24":1,"25":1,"26":0,"27":0,"28":1,"29":1,"30":2,"31":0,"32":0,"33":0,"34":1,"35":2,"36":2,"37":3,"38":3,"39":3,"40":3,"41":0,"42":3,"43":3,"44":3,"45":1,"46":3,"47":1,"48":1,"49":1,"50":1,"51":1,"52":1,"53":1,"54":1,"55":1,"56":1,"57":0,"58":1,"59":6,"60":6,"61":1,"62":2,"63":0,"64":2,"65":1,"66":1,"67":0,"68":0,"69":0,"70":0,"71":0,"72":0,"73":0,"74":0,"75":0,"76":0,"77":0,"78":0,"79":0,"80":0,"81":0,"82":0,"83":0},"b":{"1":[2,1,1,1],"2":[1,1,1,1],"3":[1,1],"4":[2,2],"5":[1,1],"6":[1,1],"7":[2,0],"8":[2,1,1,1,1,1],"9":[0,2,0],"10":[1,1],"11":[2,1,1],"12":[1,0],"13":[0,2],"14":[2,0,0,0,0,0,0],"15":[0,3],"16":[3,0],"17":[1,1],"18":[0,1],"19":[1,2,0,2],"20":[1,0],"21":[1,1],"22":[0,0],"23":[0,0],"24":[0,0],"25":[0,0],"26":[0,0],"27":[0,0],"28":[0,0]},"f":{"1":2,"2":2,"3":2,"4":2,"5":2,"6":2,"7":3,"8":3,"9":3,"10":1,"11":6,"12":0},"fnMap":{"1":{"name":"(anonymous_1)","line":26,"loc":{"start":{"line":26,"column":1},"end":{"line":26,"column":13}}},"2":{"name":"(anonymous_2)","line":33,"loc":{"start":{"line":33,"column":5},"end":{"line":33,"column":17}}},"3":{"name":"(anonymous_3)","line":37,"loc":{"start":{"line":37,"column":24},"end":{"line":37,"column":36}}},"4":{"name":"(anonymous_4)","line":69,"loc":{"start":{"line":69,"column":31},"end":{"line":69,"column":48}},"skip":true},"5":{"name":"(anonymous_5)","line":78,"loc":{"start":{"line":78,"column":26},"end":{"line":78,"column":45}},"skip":true},"6":{"name":"(anonymous_6)","line":123,"loc":{"start":{"line":123,"column":33},"end":{"line":123,"column":48}},"skip":true},"7":{"name":"(anonymous_7)","line":125,"loc":{"start":{"line":125,"column":27},"end":{"line":125,"column":39}},"skip":true},"8":{"name":"(anonymous_8)","line":133,"loc":{"start":{"line":133,"column":59},"end":{"line":133,"column":74}},"skip":true},"9":{"name":"(anonymous_9)","line":143,"loc":{"start":{"line":143,"column":45},"end":{"line":143,"column":62}},"skip":true},"10":{"name":"(anonymous_10)","line":144,"loc":{"start":{"line":144,"column":73},"end":{"line":144,"column":92}},"skip":true},"11":{"name":"(anonymous_11)","line":272,"loc":{"start":{"line":272,"column":51},"end":{"line":272,"column":77}},"skip":true},"12":{"name":"(anonymous_12)","line":315,"loc":{"start":{"line":315,"column":32},"end":{"line":315,"column":61}},"skip":true}},"statementMap":{"1":{"start":{"line":26,"column":0},"end":{"line":326,"column":5}},"2":{"start":{"line":28,"column":4},"end":{"line":28,"column":14}},"3":{"start":{"line":33,"column":4},"end":{"line":60,"column":9}},"4":{"start":{"line":35,"column":8},"end":{"line":35,"column":19}},"5":{"start":{"line":37,"column":8},"end":{"line":49,"column":13}},"6":{"start":{"line":38,"column":12},"end":{"line":48,"column":13}},"7":{"start":{"line":39,"column":16},"end":{"line":42,"column":30}},"8":{"start":{"line":44,"column":16},"end":{"line":47,"column":27}},"9":{"start":{"line":51,"column":8},"end":{"line":53,"column":21}},"10":{"start":{"line":55,"column":8},"end":{"line":57,"column":45}},"11":{"start":{"line":59,"column":8},"end":{"line":59,"column":35}},"12":{"start":{"line":61,"column":4},"end":{"line":325,"column":5}},"13":{"start":{"line":69,"column":8},"end":{"line":121,"column":10},"skip":true},"14":{"start":{"line":70,"column":12},"end":{"line":88,"column":13},"skip":true},"15":{"start":{"line":76,"column":16},"end":{"line":87,"column":19},"skip":true},"16":{"start":{"line":79,"column":20},"end":{"line":86,"column":21},"skip":true},"17":{"start":{"line":82,"column":24},"end":{"line":82,"column":43},"skip":true},"18":{"start":{"line":83,"column":24},"end":{"line":83,"column":30},"skip":true},"19":{"start":{"line":85,"column":24},"end":{"line":85,"column":49},"skip":true},"20":{"start":{"line":89,"column":12},"end":{"line":107,"column":13},"skip":true},"21":{"start":{"line":92,"column":16},"end":{"line":102,"column":17},"skip":true},"22":{"start":{"line":93,"column":20},"end":{"line":93,"column":86},"skip":true},"23":{"start":{"line":94,"column":20},"end":{"line":95,"column":45},"skip":true},"24":{"start":{"line":96,"column":20},"end":{"line":96,"column":42},"skip":true},"25":{"start":{"line":97,"column":20},"end":{"line":97,"column":48},"skip":true},"26":{"start":{"line":100,"column":20},"end":{"line":100,"column":85},"skip":true},"27":{"start":{"line":101,"column":20},"end":{"line":101,"column":96},"skip":true},"28":{"start":{"line":103,"column":16},"end":{"line":103,"column":22},"skip":true},"29":{"start":{"line":106,"column":16},"end":{"line":106,"column":22},"skip":true},"30":{"start":{"line":108,"column":12},"end":{"line":120,"column":13},"skip":true},"31":{"start":{"line":114,"column":16},"end":{"line":119,"column":17},"skip":true},"32":{"start":{"line":116,"column":20},"end":{"line":116,"column":78},"skip":true},"33":{"start":{"line":118,"column":20},"end":{"line":118,"column":47},"skip":true},"34":{"start":{"line":123,"column":8},"end":{"line":141,"column":11},"skip":true},"35":{"start":{"line":124,"column":12},"end":{"line":124,"column":54},"skip":true},"36":{"start":{"line":125,"column":12},"end":{"line":140,"column":14},"skip":true},"37":{"start":{"line":126,"column":16},"end":{"line":126,"column":28},"skip":true},"38":{"start":{"line":127,"column":16},"end":{"line":127,"column":69},"skip":true},"39":{"start":{"line":128,"column":16},"end":{"line":128,"column":75},"skip":true},"40":{"start":{"line":129,"column":16},"end":{"line":131,"column":17},"skip":true},"41":{"start":{"line":130,"column":20},"end":{"line":130,"column":27},"skip":true},"42":{"start":{"line":133,"column":16},"end":{"line":137,"column":36},"skip":true},"43":{"start":{"line":134,"column":20},"end":{"line":136,"column":55},"skip":true},"44":{"start":{"line":139,"column":16},"end":{"line":139,"column":57},"skip":true},"45":{"start":{"line":143,"column":8},"end":{"line":147,"column":11},"skip":true},"46":{"start":{"line":144,"column":12},"end":{"line":146,"column":15},"skip":true},"47":{"start":{"line":145,"column":16},"end":{"line":145,"column":70},"skip":true},"48":{"start":{"line":149,"column":8},"end":{"line":149,"column":31},"skip":true},"49":{"start":{"line":150,"column":8},"end":{"line":150,"column":14},"skip":true},"50":{"start":{"line":158,"column":8},"end":{"line":158,"column":31},"skip":true},"51":{"start":{"line":160,"column":8},"end":{"line":160,"column":33},"skip":true},"52":{"start":{"line":161,"column":8},"end":{"line":161,"column":37},"skip":true},"53":{"start":{"line":162,"column":8},"end":{"line":162,"column":35},"skip":true},"54":{"start":{"line":164,"column":8},"end":{"line":164,"column":50},"skip":true},"55":{"start":{"line":166,"column":8},"end":{"line":256,"column":2},"skip":true},"56":{"start":{"line":258,"column":8},"end":{"line":286,"column":9},"skip":true},"57":{"start":{"line":259,"column":12},"end":{"line":269,"column":14},"skip":true},"58":{"start":{"line":271,"column":12},"end":{"line":285,"column":19},"skip":true},"59":{"start":{"line":274,"column":20},"end":{"line":274,"column":35},"skip":true},"60":{"start":{"line":275,"column":20},"end":{"line":284,"column":21},"skip":true},"61":{"start":{"line":277,"column":24},"end":{"line":277,"column":64},"skip":true},"62":{"start":{"line":279,"column":24},"end":{"line":279,"column":40},"skip":true},"63":{"start":{"line":281,"column":24},"end":{"line":281,"column":40},"skip":true},"64":{"start":{"line":283,"column":24},"end":{"line":283,"column":39},"skip":true},"65":{"start":{"line":288,"column":8},"end":{"line":290,"column":9},"skip":true},"66":{"start":{"line":289,"column":12},"end":{"line":289,"column":18},"skip":true},"67":{"start":{"line":291,"column":8},"end":{"line":293,"column":54},"skip":true},"68":{"start":{"line":296,"column":8},"end":{"line":301,"column":37},"skip":true},"69":{"start":{"line":303,"column":8},"end":{"line":303,"column":82},"skip":true},"70":{"start":{"line":306,"column":8},"end":{"line":308,"column":9},"skip":true},"71":{"start":{"line":307,"column":12},"end":{"line":307,"column":82},"skip":true},"72":{"start":{"line":310,"column":8},"end":{"line":312,"column":9},"skip":true},"73":{"start":{"line":311,"column":12},"end":{"line":311,"column":18},"skip":true},"74":{"start":{"line":313,"column":8},"end":{"line":313,"column":54},"skip":true},"75":{"start":{"line":314,"column":8},"end":{"line":314,"column":69},"skip":true},"76":{"start":{"line":315,"column":8},"end":{"line":323,"column":36},"skip":true},"77":{"start":{"line":316,"column":12},"end":{"line":316,"column":61},"skip":true},"78":{"start":{"line":317,"column":12},"end":{"line":320,"column":13},"skip":true},"79":{"start":{"line":318,"column":16},"end":{"line":318,"column":75},"skip":true},"80":{"start":{"line":319,"column":16},"end":{"line":319,"column":23},"skip":true},"81":{"start":{"line":321,"column":12},"end":{"line":321,"column":38},"skip":true},"82":{"start":{"line":322,"column":12},"end":{"line":322,"column":27},"skip":true},"83":{"start":{"line":324,"column":8},"end":{"line":324,"column":14},"skip":true}},"branchMap":{"1":{"line":39,"type":"binary-expr","locations":[{"start":{"line":39,"column":23},"end":{"line":39,"column":62}},{"start":{"line":40,"column":20},"end":{"line":40,"column":70}},{"start":{"line":41,"column":20},"end":{"line":41,"column":71}},{"start":{"line":42,"column":20},"end":{"line":42,"column":29}}]},"2":{"line":44,"type":"binary-expr","locations":[{"start":{"line":44,"column":23},"end":{"line":44,"column":37}},{"start":{"line":45,"column":20},"end":{"line":45,"column":61}},{"start":{"line":46,"column":20},"end":{"line":46,"column":70}},{"start":{"line":47,"column":20},"end":{"line":47,"column":26}}]},"3":{"line":51,"type":"cond-expr","locations":[{"start":{"line":52,"column":14},"end":{"line":52,"column":20}},{"start":{"line":53,"column":14},"end":{"line":53,"column":20}}]},"4":{"line":55,"type":"binary-expr","locations":[{"start":{"line":55,"column":16},"end":{"line":55,"column":44}},{"start":{"line":55,"column":49},"end":{"line":57,"column":43}}]},"5":{"line":55,"type":"cond-expr","locations":[{"start":{"line":56,"column":14},"end":{"line":56,"column":54}},{"start":{"line":57,"column":14},"end":{"line":57,"column":43}}]},"6":{"line":61,"type":"switch","locations":[{"start":{"line":68,"column":4},"end":{"line":150,"column":14},"skip":true},{"start":{"line":156,"column":4},"end":{"line":324,"column":14},"skip":true}]},"7":{"line":70,"type":"if","locations":[{"start":{"line":70,"column":12},"end":{"line":70,"column":12},"skip":true},{"start":{"line":70,"column":12},"end":{"line":70,"column":12},"skip":true}]},"8":{"line":70,"type":"binary-expr","locations":[{"start":{"line":70,"column":16},"end":{"line":70,"column":22},"skip":true},{"start":{"line":70,"column":27},"end":{"line":70,"column":32},"skip":true},{"start":{"line":71,"column":20},"end":{"line":71,"column":39},"skip":true},{"start":{"line":72,"column":20},"end":{"line":72,"column":49},"skip":true},{"start":{"line":73,"column":20},"end":{"line":73,"column":58},"skip":true},{"start":{"line":74,"column":20},"end":{"line":74,"column":69},"skip":true}]},"9":{"line":79,"type":"switch","locations":[{"start":{"line":80,"column":20},"end":{"line":80,"column":33},"skip":true},{"start":{"line":81,"column":20},"end":{"line":83,"column":30},"skip":true},{"start":{"line":84,"column":20},"end":{"line":85,"column":49},"skip":true}]},"10":{"line":89,"type":"switch","locations":[{"start":{"line":90,"column":12},"end":{"line":103,"column":22},"skip":true},{"start":{"line":105,"column":12},"end":{"line":106,"column":22},"skip":true}]},"11":{"line":89,"type":"binary-expr","locations":[{"start":{"line":89,"column":20},"end":{"line":89,"column":25},"skip":true},{"start":{"line":89,"column":29},"end":{"line":89,"column":48},"skip":true},{"start":{"line":89,"column":52},"end":{"line":89,"column":74},"skip":true}]},"12":{"line":92,"type":"if","locations":[{"start":{"line":92,"column":16},"end":{"line":92,"column":16},"skip":true},{"start":{"line":92,"column":16},"end":{"line":92,"column":16},"skip":true}]},"13":{"line":108,"type":"if","locations":[{"start":{"line":108,"column":12},"end":{"line":108,"column":12},"skip":true},{"start":{"line":108,"column":12},"end":{"line":108,"column":12},"skip":true}]},"14":{"line":108,"type":"binary-expr","locations":[{"start":{"line":108,"column":16},"end":{"line":108,"column":61},"skip":true},{"start":{"line":108,"column":66},"end":{"line":108,"column":72},"skip":true},{"start":{"line":108,"column":77},"end":{"line":108,"column":82},"skip":true},{"start":{"line":109,"column":20},"end":{"line":109,"column":39},"skip":true},{"start":{"line":110,"column":20},"end":{"line":110,"column":49},"skip":true},{"start":{"line":111,"column":20},"end":{"line":111,"column":58},"skip":true},{"start":{"line":112,"column":20},"end":{"line":112,"column":68},"skip":true}]},"15":{"line":129,"type":"if","locations":[{"start":{"line":129,"column":16},"end":{"line":129,"column":16},"skip":true},{"start":{"line":129,"column":16},"end":{"line":129,"column":16},"skip":true}]},"16":{"line":134,"type":"cond-expr","locations":[{"start":{"line":135,"column":26},"end":{"line":135,"column":29},"skip":true},{"start":{"line":136,"column":26},"end":{"line":136,"column":54},"skip":true}]},"17":{"line":164,"type":"binary-expr","locations":[{"start":{"line":164,"column":27},"end":{"line":164,"column":43},"skip":true},{"start":{"line":164,"column":47},"end":{"line":164,"column":49},"skip":true}]},"18":{"line":258,"type":"if","locations":[{"start":{"line":258,"column":8},"end":{"line":258,"column":8},"skip":true},{"start":{"line":258,"column":8},"end":{"line":258,"column":8},"skip":true}]},"19":{"line":275,"type":"switch","locations":[{"start":{"line":276,"column":20},"end":{"line":277,"column":64},"skip":true},{"start":{"line":278,"column":20},"end":{"line":279,"column":40},"skip":true},{"start":{"line":280,"column":20},"end":{"line":281,"column":40},"skip":true},{"start":{"line":282,"column":20},"end":{"line":283,"column":39},"skip":true}]},"20":{"line":288,"type":"if","locations":[{"start":{"line":288,"column":8},"end":{"line":288,"column":8},"skip":true},{"start":{"line":288,"column":8},"end":{"line":288,"column":8},"skip":true}]},"21":{"line":288,"type":"binary-expr","locations":[{"start":{"line":288,"column":12},"end":{"line":288,"column":40},"skip":true},{"start":{"line":288,"column":44},"end":{"line":288,"column":67},"skip":true}]},"22":{"line":292,"type":"binary-expr","locations":[{"start":{"line":292,"column":12},"end":{"line":292,"column":50},"skip":true},{"start":{"line":293,"column":12},"end":{"line":293,"column":53},"skip":true}]},"23":{"line":297,"type":"binary-expr","locations":[{"start":{"line":297,"column":12},"end":{"line":297,"column":68},"skip":true},{"start":{"line":298,"column":12},"end":{"line":301,"column":36},"skip":true}]},"24":{"line":303,"type":"binary-expr","locations":[{"start":{"line":303,"column":43},"end":{"line":303,"column":75},"skip":true},{"start":{"line":303,"column":79},"end":{"line":303,"column":81},"skip":true}]},"25":{"line":306,"type":"if","locations":[{"start":{"line":306,"column":8},"end":{"line":306,"column":8},"skip":true},{"start":{"line":306,"column":8},"end":{"line":306,"column":8},"skip":true}]},"26":{"line":310,"type":"if","locations":[{"start":{"line":310,"column":8},"end":{"line":310,"column":8},"skip":true},{"start":{"line":310,"column":8},"end":{"line":310,"column":8},"skip":true}]},"27":{"line":313,"type":"binary-expr","locations":[{"start":{"line":313,"column":27},"end":{"line":313,"column":43},"skip":true},{"start":{"line":313,"column":47},"end":{"line":313,"column":53},"skip":true}]},"28":{"line":317,"type":"if","locations":[{"start":{"line":317,"column":12},"end":{"line":317,"column":12},"skip":true},{"start":{"line":317,"column":12},"end":{"line":317,"column":12},"skip":true}]}},"code":["/*","example.js","","quickstart example","","instruction","    1. save this script as example.js","    2. run the shell command:","        $ npm install npmtest-nouislider && PORT=8081 node example.js","    3. play with the browser-demo on http://127.0.0.1:8081","*/","","","","/* istanbul instrument in package npmtest_nouislider */","/*jslint","    bitwise: true,","    browser: true,","    maxerr: 8,","    maxlen: 96,","    node: true,","    nomen: true,","    regexp: true,","    stupid: true","*/","(function () {","    'use strict';","    var local;","","","","    // run shared js-env code - init-before","    (function () {","        // init local","        local = {};","        // init modeJs","        local.modeJs = (function () {","            try {","                return typeof navigator.userAgent === 'string' &&","                    typeof document.querySelector('body') === 'object' &&","                    typeof XMLHttpRequest.prototype.open === 'function' &&","                    'browser';","            } catch (errorCaughtBrowser) {","                return module.exports &&","                    typeof process.versions.node === 'string' &&","                    typeof require('http').createServer === 'function' &&","                    'node';","            }","        }());","        // init global","        local.global = local.modeJs === 'browser'","            ? window","            : global;","        // init utility2_rollup","        local = local.global.utility2_rollup || (local.modeJs === 'browser'","            ? local.global.utility2_npmtest_nouislider","            : global.utility2_moduleExports);","        // export local","        local.global.local = local;","    }());","    switch (local.modeJs) {","","","","    // init-after","    // run browser js-env code - init-after","    /* istanbul ignore next */","    case 'browser':","        local.testRunBrowser = function (event) {","            if (!event || (event &&","                    event.currentTarget &&","                    event.currentTarget.className &&","                    event.currentTarget.className.includes &&","                    event.currentTarget.className.includes('onreset'))) {","                // reset output","                Array.from(","                    document.querySelectorAll('body > .resettable')","                ).forEach(function (element) {","                    switch (element.tagName) {","                    case 'INPUT':","                    case 'TEXTAREA':","                        element.value = '';","                        break;","                    default:","                        element.textContent = '';","                    }","                });","            }","            switch (event && event.currentTarget && event.currentTarget.id) {","            case 'testRunButton1':","                // show tests","                if (document.querySelector('#testReportDiv1').style.display === 'none') {","                    document.querySelector('#testReportDiv1').style.display = 'block';","                    document.querySelector('#testRunButton1').textContent =","                        'hide internal test';","                    local.modeTest = true;","                    local.testRunDefault(local);","                // hide tests","                } else {","                    document.querySelector('#testReportDiv1').style.display = 'none';","                    document.querySelector('#testRunButton1').textContent = 'run internal test';","                }","                break;","            // custom-case","            default:","                break;","            }","            if (document.querySelector('#inputTextareaEval1') && (!event || (event &&","                    event.currentTarget &&","                    event.currentTarget.className &&","                    event.currentTarget.className.includes &&","                    event.currentTarget.className.includes('oneval')))) {","                // try to eval input-code","                try {","                    /*jslint evil: true*/","                    eval(document.querySelector('#inputTextareaEval1').value);","                } catch (errorCaught) {","                    console.error(errorCaught);","                }","            }","        };","        // log stderr and stdout to #outputTextareaStdout1","        ['error', 'log'].forEach(function (key) {","            console[key + '_original'] = console[key];","            console[key] = function () {","                var element;","                console[key + '_original'].apply(console, arguments);","                element = document.querySelector('#outputTextareaStdout1');","                if (!element) {","                    return;","                }","                // append text to #outputTextareaStdout1","                element.value += Array.from(arguments).map(function (arg) {","                    return typeof arg === 'string'","                        ? arg","                        : JSON.stringify(arg, null, 4);","                }).join(' ') + '\\n';","                // scroll textarea to bottom","                element.scrollTop = element.scrollHeight;","            };","        });","        // init event-handling","        ['change', 'click', 'keyup'].forEach(function (event) {","            Array.from(document.querySelectorAll('.on' + event)).forEach(function (element) {","                element.addEventListener(event, local.testRunBrowser);","            });","        });","        // run tests","        local.testRunBrowser();","        break;","","","","    // run node js-env code - init-after","    /* istanbul ignore next */","    case 'node':","        // export local","        module.exports = local;","        // require modules","        local.fs = require('fs');","        local.http = require('http');","        local.url = require('url');","        // init assets","        local.assetsDict = local.assetsDict || {};","        /* jslint-ignore-begin */","        local.assetsDict['/assets.index.template.html'] = '\\","<!doctype html>\\n\\","<html lang=\"en\">\\n\\","<head>\\n\\","<meta charset=\"UTF-8\">\\n\\","<meta name=\"viewport\" content=\"width=device-width, initial-scale=1\">\\n\\","<title>{{env.npm_package_name}} (v{{env.npm_package_version}})</title>\\n\\","<style>\\n\\","/*csslint\\n\\","    box-sizing: false,\\n\\","    universal-selector: false\\n\\","*/\\n\\","* {\\n\\","    box-sizing: border-box;\\n\\","}\\n\\","body {\\n\\","    background: #dde;\\n\\","    font-family: Arial, Helvetica, sans-serif;\\n\\","    margin: 2rem;\\n\\","}\\n\\","body > * {\\n\\","    margin-bottom: 1rem;\\n\\","}\\n\\",".utility2FooterDiv {\\n\\","    margin-top: 20px;\\n\\","    text-align: center;\\n\\","}\\n\\","</style>\\n\\","<style>\\n\\","/*csslint\\n\\","*/\\n\\","textarea {\\n\\","    font-family: monospace;\\n\\","    height: 10rem;\\n\\","    width: 100%;\\n\\","}\\n\\","textarea[readonly] {\\n\\","    background: #ddd;\\n\\","}\\n\\","</style>\\n\\","</head>\\n\\","<body>\\n\\","<!-- utility2-comment\\n\\","<div id=\"ajaxProgressDiv1\" style=\"background: #d00; height: 2px; left: 0; margin: 0; padding: 0; position: fixed; top: 0; transition: background 0.5s, width 1.5s; width: 25%;\"></div>\\n\\","utility2-comment -->\\n\\","<h1>\\n\\","<!-- utility2-comment\\n\\","    <a\\n\\","        {{#if env.npm_package_homepage}}\\n\\","        href=\"{{env.npm_package_homepage}}\"\\n\\","        {{/if env.npm_package_homepage}}\\n\\","        target=\"_blank\"\\n\\","    >\\n\\","utility2-comment -->\\n\\","        {{env.npm_package_name}} (v{{env.npm_package_version}})\\n\\","<!-- utility2-comment\\n\\","    </a>\\n\\","utility2-comment -->\\n\\","</h1>\\n\\","<h3>{{env.npm_package_description}}</h3>\\n\\","<!-- utility2-comment\\n\\","<h4><a download href=\"assets.app.js\">download standalone app</a></h4>\\n\\","<button class=\"onclick onreset\" id=\"testRunButton1\">run internal test</button><br>\\n\\","<div id=\"testReportDiv1\" style=\"display: none;\"></div>\\n\\","utility2-comment -->\\n\\","\\n\\","\\n\\","\\n\\","<label>stderr and stdout</label>\\n\\","<textarea class=\"resettable\" id=\"outputTextareaStdout1\" readonly></textarea>\\n\\","<!-- utility2-comment\\n\\","{{#if isRollup}}\\n\\","<script src=\"assets.app.js\"></script>\\n\\","{{#unless isRollup}}\\n\\","utility2-comment -->\\n\\","<script src=\"assets.utility2.rollup.js\"></script>\\n\\","<script src=\"jsonp.utility2._stateInit?callback=window.utility2._stateInit\"></script>\\n\\","<script src=\"assets.npmtest_nouislider.rollup.js\"></script>\\n\\","<script src=\"assets.example.js\"></script>\\n\\","<script src=\"assets.test.js\"></script>\\n\\","<!-- utility2-comment\\n\\","{{/if isRollup}}\\n\\","utility2-comment -->\\n\\","<div class=\"utility2FooterDiv\">\\n\\","    [ this app was created with\\n\\","    <a href=\"https://github.com/kaizhu256/node-utility2\" target=\"_blank\">utility2</a>\\n\\","    ]\\n\\","</div>\\n\\","</body>\\n\\","</html>\\n\\","';","        /* jslint-ignore-end */","        if (local.templateRender) {","            local.assetsDict['/'] = local.templateRender(","                local.assetsDict['/assets.index.template.html'],","                {","                    env: local.objectSetDefault(local.env, {","                        npm_package_description: 'the greatest app in the world!',","                        npm_package_name: 'my-app',","                        npm_package_nameAlias: 'my_app',","                        npm_package_version: '0.0.1'","                    })","                }","            );","        } else {","            local.assetsDict['/'] = local.assetsDict['/assets.index.template.html']","                .replace((/\\{\\{env\\.(\\w+?)\\}\\}/g), function (match0, match1) {","                    // jslint-hack","                    String(match0);","                    switch (match1) {","                    case 'npm_package_description':","                        return 'the greatest app in the world!';","                    case 'npm_package_name':","                        return 'my-app';","                    case 'npm_package_nameAlias':","                        return 'my_app';","                    case 'npm_package_version':","                        return '0.0.1';","                    }","                });","        }","        // run the cli","        if (local.global.utility2_rollup || module !== require.main) {","            break;","        }","        local.assetsDict['/assets.example.js'] =","            local.assetsDict['/assets.example.js'] ||","            local.fs.readFileSync(__filename, 'utf8');","        // bug-workaround - long $npm_package_buildCustomOrg","        /* jslint-ignore-begin */","        local.assetsDict['/assets.npmtest_nouislider.rollup.js'] =","            local.assetsDict['/assets.npmtest_nouislider.rollup.js'] ||","            local.fs.readFileSync(","                local.npmtest_nouislider.__dirname + '/lib.npmtest_nouislider.js',","                'utf8'","            ).replace((/^#!/), '//');","        /* jslint-ignore-end */","        local.assetsDict['/favicon.ico'] = local.assetsDict['/favicon.ico'] || '';","        // if $npm_config_timeout_exit exists,","        // then exit this process after $npm_config_timeout_exit ms","        if (Number(process.env.npm_config_timeout_exit)) {","            setTimeout(process.exit, Number(process.env.npm_config_timeout_exit));","        }","        // start server","        if (local.global.utility2_serverHttp1) {","            break;","        }","        process.env.PORT = process.env.PORT || '8081';","        console.error('server starting on port ' + process.env.PORT);","        local.http.createServer(function (request, response) {","            request.urlParsed = local.url.parse(request.url);","            if (local.assetsDict[request.urlParsed.pathname] !== undefined) {","                response.end(local.assetsDict[request.urlParsed.pathname]);","                return;","            }","            response.statusCode = 404;","            response.end();","        }).listen(process.env.PORT);","        break;","    }","}());",""],"l":{"26":2,"28":2,"33":2,"35":2,"37":2,"38":2,"39":2,"44":1,"51":2,"55":2,"59":2,"61":2,"69":1,"70":2,"76":2,"79":2,"82":2,"83":2,"85":1,"89":2,"92":1,"93":1,"94":1,"96":1,"97":1,"100":1,"101":1,"103":1,"106":1,"108":2,"114":1,"116":1,"118":1,"123":1,"124":2,"125":2,"126":3,"127":3,"128":3,"129":3,"130":1,"133":3,"134":3,"139":3,"143":1,"144":3,"145":1,"149":1,"150":1,"158":1,"160":1,"161":1,"162":1,"164":1,"166":1,"258":1,"259":1,"271":1,"274":6,"275":6,"277":1,"279":2,"281":1,"283":2,"288":1,"289":1,"291":1,"296":1,"303":1,"306":1,"307":1,"310":1,"311":1,"313":1,"314":1,"315":1,"316":1,"317":1,"318":1,"319":1,"321":1,"322":1,"324":1}},"/home/travis/build/npmtest/node-npmtest-nouislider/node_modules/nouislider/distribute/nouislider.js":{"path":"/home/travis/build/npmtest/node-npmtest-nouislider/node_modules/nouislider/distribute/nouislider.js","s":{"1":1,"2":1,"3":0,"4":1,"5":1,"6":0,"7":1,"8":1,"9":0,"10":0,"11":0,"12":0,"13":1,"14":0,"15":0,"16":1,"17":0,"18":1,"19":0,"20":0,"21":0,"22":0,"23":1,"24":0,"25":1,"26":0,"27":0,"28":0,"29":0,"30":1,"31":0,"32":1,"33":0,"34":1,"35":0,"36":0,"37":0,"38":1,"39":0,"40":0,"41":0,"42":1,"43":0,"44":0,"45":0,"46":1,"47":0,"48":1,"49":0,"50":0,"51":1,"52":0,"53":1,"54":0,"55":1,"56":0,"57":1,"58":0,"59":1,"60":0,"61":1,"62":0,"63":0,"64":0,"65":0,"66":1,"67":0,"68":0,"69":0,"70":0,"71":0,"72":0,"73":0,"74":0,"75":1,"76":0,"77":0,"78":0,"79":0,"80":0,"81":0,"82":0,"83":0,"84":1,"85":0,"86":0,"87":0,"88":0,"89":0,"90":0,"91":0,"92":0,"93":0,"94":0,"95":0,"96":0,"97":1,"98":0,"99":0,"100":0,"101":0,"102":0,"103":0,"104":0,"105":0,"106":0,"107":0,"108":0,"109":0,"110":0,"111":0,"112":0,"113":0,"114":0,"115":0,"116":0,"117":1,"118":0,"119":0,"120":0,"121":0,"122":0,"123":0,"124":0,"125":1,"126":0,"127":0,"128":0,"129":0,"130":0,"131":0,"132":0,"133":0,"134":0,"135":0,"136":0,"137":0,"138":0,"139":0,"140":0,"141":0,"142":0,"143":0,"144":0,"145":0,"146":0,"147":1,"148":0,"149":0,"150":0,"151":0,"152":1,"153":0,"154":0,"155":1,"156":0,"157":1,"158":0,"159":0,"160":1,"161":0,"162":0,"163":1,"164":0,"165":0,"166":1,"167":0,"168":1,"169":0,"170":1,"171":0,"172":0,"173":0,"174":1,"175":0,"176":0,"177":0,"178":0,"179":0,"180":0,"181":0,"182":1,"183":0,"184":0,"185":0,"186":0,"187":0,"188":1,"189":0,"190":0,"191":0,"192":1,"193":0,"194":0,"195":0,"196":1,"197":0,"198":0,"199":0,"200":1,"201":0,"202":0,"203":0,"204":0,"205":0,"206":0,"207":0,"208":0,"209":0,"210":0,"211":0,"212":0,"213":0,"214":0,"215":1,"216":0,"217":0,"218":0,"219":0,"220":0,"221":0,"222":1,"223":0,"224":0,"225":0,"226":0,"227":0,"228":0,"229":0,"230":1,"231":0,"232":0,"233":0,"234":0,"235":0,"236":1,"237":0,"238":0,"239":0,"240":0,"241":0,"242":0,"243":0,"244":0,"245":0,"246":0,"247":0,"248":1,"249":0,"250":0,"251":0,"252":0,"253":0,"254":0,"255":1,"256":0,"257":0,"258":0,"259":0,"260":0,"261":0,"262":0,"263":0,"264":0,"265":0,"266":0,"267":0,"268":1,"269":0,"270":0,"271":0,"272":0,"273":0,"274":0,"275":0,"276":0,"277":0,"278":0,"279":0,"280":0,"281":1,"282":0,"283":0,"284":0,"285":0,"286":1,"287":0,"288":0,"289":0,"290":1,"291":0,"292":0,"293":0,"294":0,"295":0,"296":0,"297":0,"298":0,"299":0,"300":1,"301":0,"302":0,"303":0,"304":1,"305":0,"306":0,"307":0,"308":0,"309":0,"310":0,"311":0,"312":0,"313":0,"314":0,"315":0,"316":0,"317":0,"318":0,"319":1,"320":0,"321":0,"322":0,"323":0,"324":0,"325":0,"326":0,"327":0,"328":0,"329":0,"330":0,"331":0,"332":1,"333":0,"334":0,"335":0,"336":0,"337":0,"338":0,"339":0,"340":0,"341":1,"342":0,"343":0,"344":0,"345":1,"346":0,"347":0,"348":0,"349":0,"350":0,"351":0,"352":0,"353":1,"354":0,"355":0,"356":0,"357":0,"358":0,"359":0,"360":0,"361":0,"362":1,"363":0,"364":0,"365":0,"366":1,"367":0,"368":0,"369":0,"370":0,"371":0,"372":0,"373":0,"374":0,"375":1,"376":0,"377":0,"378":0,"379":0,"380":0,"381":0,"382":0,"383":0,"384":0,"385":0,"386":0,"387":0,"388":0,"389":0,"390":0,"391":0,"392":0,"393":0,"394":0,"395":0,"396":1,"397":1,"398":0,"399":0,"400":0,"401":0,"402":0,"403":0,"404":0,"405":0,"406":0,"407":0,"408":0,"409":0,"410":0,"411":0,"412":0,"413":0,"414":0,"415":0,"416":0,"417":0,"418":0,"419":0,"420":0,"421":0,"422":0,"423":0,"424":0,"425":0,"426":0,"427":0,"428":0,"429":0,"430":0,"431":0,"432":0,"433":0,"434":0,"435":0,"436":0,"437":0,"438":0,"439":0,"440":0,"441":0,"442":0,"443":0,"444":0,"445":0,"446":0,"447":0,"448":0,"449":1,"450":0,"451":0,"452":0,"453":0,"454":0,"455":0,"456":0,"457":0,"458":1,"459":0,"460":0,"461":0,"462":0,"463":1,"464":0,"465":1,"466":0,"467":0,"468":0,"469":0,"470":0,"471":0,"472":0,"473":0,"474":1,"475":0,"476":0,"477":0,"478":0,"479":0,"480":0,"481":0,"482":0,"483":0,"484":1,"485":0,"486":0,"487":1,"488":0,"489":0,"490":0,"491":0,"492":0,"493":0,"494":0,"495":0,"496":0,"497":0,"498":0,"499":0,"500":0,"501":0,"502":0,"503":0,"504":0,"505":0,"506":0,"507":1,"508":0,"509":0,"510":0,"511":0,"512":0,"513":0,"514":0,"515":0,"516":0,"517":0,"518":0,"519":0,"520":0,"521":0,"522":0,"523":0,"524":0,"525":0,"526":0,"527":0,"528":0,"529":1,"530":0,"531":0,"532":0,"533":1,"534":0,"535":0,"536":0,"537":0,"538":0,"539":0,"540":0,"541":0,"542":0,"543":0,"544":1,"545":0,"546":0,"547":0,"548":0,"549":0,"550":0,"551":0,"552":0,"553":0,"554":0,"555":0,"556":0,"557":0,"558":0,"559":0,"560":0,"561":0,"562":0,"563":0,"564":0,"565":0,"566":1,"567":0,"568":0,"569":0,"570":0,"571":0,"572":1,"573":0,"574":0,"575":1,"576":0,"577":0,"578":0,"579":0,"580":0,"581":1,"582":0,"583":0,"584":0,"585":0,"586":0,"587":0,"588":0,"589":0,"590":0,"591":0,"592":0,"593":0,"594":0,"595":0,"596":1,"597":0,"598":0,"599":0,"600":0,"601":0,"602":0,"603":0,"604":0,"605":0,"606":0,"607":0,"608":0,"609":0,"610":0,"611":0,"612":0,"613":0,"614":0,"615":0,"616":0,"617":0,"618":0,"619":1,"620":0,"621":0,"622":0,"623":0,"624":0,"625":0,"626":0,"627":0,"628":0,"629":0,"630":0,"631":0,"632":0,"633":0,"634":0,"635":1,"636":0,"637":0,"638":0,"639":0,"640":0,"641":0,"642":0,"643":1,"644":0,"645":0,"646":0,"647":0,"648":0,"649":0,"650":0,"651":0,"652":0,"653":0,"654":0,"655":0,"656":0,"657":0,"658":0,"659":0,"660":0,"661":0,"662":0,"663":0,"664":1,"665":0,"666":0,"667":0,"668":0,"669":0,"670":0,"671":0,"672":0,"673":0,"674":0,"675":0,"676":0,"677":0,"678":0,"679":0,"680":0,"681":0,"682":0,"683":0,"684":0,"685":1,"686":0,"687":1,"688":0,"689":0,"690":0,"691":0,"692":0,"693":0,"694":0,"695":0,"696":0,"697":1,"698":0,"699":0,"700":0,"701":0,"702":1,"703":0,"704":0,"705":0,"706":0,"707":0,"708":1,"709":0,"710":0,"711":0,"712":0,"713":0,"714":0,"715":0,"716":0,"717":0,"718":0,"719":1,"720":0,"721":0,"722":0,"723":0,"724":0,"725":0,"726":0,"727":1,"728":0,"729":0,"730":0,"731":0,"732":0,"733":0,"734":0,"735":0,"736":0,"737":0,"738":0,"739":0,"740":0,"741":1,"742":0,"743":1,"744":0,"745":0,"746":0,"747":0,"748":1,"749":0,"750":0,"751":0,"752":0,"753":0,"754":0,"755":0,"756":1,"757":0,"758":0,"759":0,"760":0,"761":0,"762":0,"763":0,"764":0,"765":0,"766":0,"767":0,"768":0,"769":0,"770":0,"771":0,"772":0,"773":0,"774":0,"775":0,"776":0,"777":0,"778":0,"779":0,"780":1,"781":0,"782":0,"783":0,"784":0,"785":0,"786":1,"787":0,"788":0,"789":0,"790":0,"791":0,"792":0,"793":1,"794":0,"795":0,"796":0,"797":0,"798":0,"799":0,"800":0,"801":0,"802":0,"803":0,"804":0,"805":0,"806":0,"807":0,"808":0,"809":0,"810":0,"811":0,"812":0,"813":0,"814":0,"815":0,"816":0,"817":0,"818":0,"819":0,"820":0,"821":0,"822":0,"823":1,"824":0,"825":0,"826":0,"827":0,"828":0,"829":0,"830":1},"b":{"1":[0,1],"2":[1,0],"3":[1,0],"4":[0,0],"5":[0,0],"6":[0,0],"7":[0,0,0],"8":[0,0],"9":[0,0],"10":[0,0],"11":[0,0],"12":[0,0],"13":[0,0],"14":[0,0],"15":[0,0],"16":[0,0],"17":[0,0],"18":[0,0],"19":[0,0],"20":[0,0],"21":[0,0],"22":[0,0],"23":[0,0],"24":[0,0],"25":[0,0],"26":[0,0],"27":[0,0],"28":[0,0],"29":[0,0],"30":[0,0],"31":[0,0],"32":[0,0],"33":[0,0],"34":[0,0],"35":[0,0],"36":[0,0],"37":[0,0],"38":[0,0],"39":[0,0],"40":[0,0],"41":[0,0],"42":[0,0],"43":[0,0],"44":[0,0],"45":[0,0],"46":[0,0],"47":[0,0],"48":[0,0],"49":[0,0],"50":[0,0],"51":[0,0],"52":[0,0],"53":[0,0],"54":[0,0],"55":[0,0],"56":[0,0],"57":[0,0],"58":[0,0],"59":[0,0],"60":[0,0],"61":[0,0],"62":[0,0,0],"63":[0,0,0],"64":[0,0],"65":[0,0],"66":[0,0],"67":[0,0],"68":[0,0],"69":[0,0],"70":[0,0],"71":[0,0],"72":[0,0],"73":[0,0],"74":[0,0],"75":[0,0,0],"76":[0,0],"77":[0,0],"78":[0,0],"79":[0,0],"80":[0,0],"81":[0,0],"82":[0,0],"83":[0,0],"84":[0,0,0],"85":[0,0],"86":[0,0],"87":[0,0],"88":[0,0,0],"89":[0,0],"90":[0,0],"91":[0,0],"92":[0,0],"93":[0,0],"94":[0,0],"95":[0,0],"96":[0,0],"97":[0,0],"98":[0,0],"99":[0,0],"100":[0,0],"101":[0,0],"102":[0,0],"103":[0,0],"104":[0,0],"105":[0,0],"106":[0,0],"107":[0,0],"108":[0,0],"109":[0,0],"110":[0,0],"111":[0,0],"112":[0,0],"113":[0,0],"114":[0,0],"115":[0,0],"116":[0,0],"117":[0,0],"118":[0,0],"119":[0,0],"120":[0,0],"121":[0,0],"122":[0,0],"123":[0,0],"124":[0,0],"125":[0,0],"126":[0,0],"127":[0,0],"128":[0,0],"129":[0,0],"130":[0,0],"131":[0,0],"132":[0,0],"133":[0,0],"134":[0,0],"135":[0,0],"136":[0,0],"137":[0,0],"138":[0,0],"139":[0,0],"140":[0,0],"141":[0,0],"142":[0,0],"143":[0,0],"144":[0,0],"145":[0,0],"146":[0,0,0],"147":[0,0],"148":[0,0],"149":[0,0],"150":[0,0],"151":[0,0],"152":[0,0],"153":[0,0],"154":[0,0],"155":[0,0],"156":[0,0],"157":[0,0],"158":[0,0],"159":[0,0],"160":[0,0],"161":[0,0],"162":[0,0],"163":[0,0],"164":[0,0],"165":[0,0],"166":[0,0],"167":[0,0,0],"168":[0,0],"169":[0,0,0],"170":[0,0],"171":[0,0],"172":[0,0],"173":[0,0],"174":[0,0],"175":[0,0],"176":[0,0],"177":[0,0],"178":[0,0],"179":[0,0],"180":[0,0],"181":[0,0],"182":[0,0],"183":[0,0],"184":[0,0],"185":[0,0],"186":[0,0,0],"187":[0,0],"188":[0,0],"189":[0,0],"190":[0,0],"191":[0,0],"192":[0,0],"193":[0,0],"194":[0,0],"195":[0,0],"196":[0,0],"197":[0,0],"198":[0,0],"199":[0,0],"200":[0,0],"201":[0,0],"202":[0,0],"203":[0,0],"204":[0,0],"205":[0,0],"206":[0,0],"207":[0,0],"208":[0,0],"209":[0,0],"210":[0,0],"211":[0,0],"212":[0,0],"213":[0,0],"214":[0,0],"215":[0,0],"216":[0,0],"217":[0,0],"218":[0,0],"219":[0,0],"220":[0,0],"221":[0,0],"222":[0,0],"223":[0,0],"224":[0,0],"225":[0,0],"226":[0,0],"227":[0,0],"228":[0,0],"229":[0,0],"230":[0,0],"231":[0,0],"232":[0,0],"233":[0,0],"234":[0,0],"235":[0,0],"236":[0,0],"237":[0,0,0,0],"238":[0,0],"239":[0,0],"240":[0,0],"241":[0,0],"242":[0,0],"243":[0,0],"244":[0,0]},"f":{"1":1,"2":1,"3":0,"4":0,"5":0,"6":0,"7":0,"8":0,"9":0,"10":0,"11":0,"12":0,"13":0,"14":0,"15":0,"16":0,"17":0,"18":0,"19":0,"20":0,"21":0,"22":0,"23":0,"24":0,"25":0,"26":0,"27":0,"28":0,"29":0,"30":0,"31":0,"32":0,"33":0,"34":0,"35":0,"36":0,"37":0,"38":0,"39":0,"40":0,"41":0,"42":0,"43":0,"44":0,"45":0,"46":0,"47":0,"48":0,"49":0,"50":0,"51":0,"52":0,"53":0,"54":0,"55":0,"56":0,"57":0,"58":0,"59":0,"60":0,"61":0,"62":0,"63":0,"64":0,"65":0,"66":0,"67":0,"68":0,"69":0,"70":0,"71":0,"72":0,"73":0,"74":0,"75":0,"76":0,"77":0,"78":0,"79":0,"80":0,"81":0,"82":0,"83":0,"84":0,"85":0,"86":0,"87":0,"88":0,"89":0,"90":0,"91":0,"92":0,"93":0,"94":0,"95":0,"96":0,"97":0,"98":0,"99":0,"100":0,"101":0,"102":0,"103":0,"104":0,"105":0,"106":0,"107":0,"108":0,"109":0,"110":0,"111":0,"112":0,"113":0,"114":0,"115":0,"116":0,"117":0,"118":0,"119":0,"120":0,"121":0,"122":0,"123":0,"124":0,"125":0,"126":0,"127":0,"128":0,"129":0,"130":0,"131":0,"132":0,"133":0,"134":0,"135":0,"136":0,"137":0,"138":0},"fnMap":{"1":{"name":"(anonymous_1)","line":3,"loc":{"start":{"line":3,"column":1},"end":{"line":3,"column":20}}},"2":{"name":"(anonymous_2)","line":21,"loc":{"start":{"line":21,"column":2},"end":{"line":21,"column":13}}},"3":{"name":"addNodeTo","line":29,"loc":{"start":{"line":29,"column":1},"end":{"line":29,"column":42}}},"4":{"name":"unique","line":37,"loc":{"start":{"line":37,"column":1},"end":{"line":37,"column":27}}},"5":{"name":"(anonymous_5)","line":38,"loc":{"start":{"line":38,"column":22},"end":{"line":38,"column":33}}},"6":{"name":"closest","line":44,"loc":{"start":{"line":44,"column":1},"end":{"line":44,"column":32}}},"7":{"name":"offset","line":49,"loc":{"start":{"line":49,"column":1},"end":{"line":49,"column":39}}},"8":{"name":"isNumeric","line":67,"loc":{"start":{"line":67,"column":1},"end":{"line":67,"column":26}}},"9":{"name":"addClassFor","line":72,"loc":{"start":{"line":72,"column":1},"end":{"line":72,"column":55}}},"10":{"name":"(anonymous_10)","line":75,"loc":{"start":{"line":75,"column":14},"end":{"line":75,"column":24}}},"11":{"name":"limit","line":82,"loc":{"start":{"line":82,"column":1},"end":{"line":82,"column":22}}},"12":{"name":"asArray","line":88,"loc":{"start":{"line":88,"column":1},"end":{"line":88,"column":24}}},"13":{"name":"countDecimals","line":93,"loc":{"start":{"line":93,"column":1},"end":{"line":93,"column":35}}},"14":{"name":"addClass","line":100,"loc":{"start":{"line":100,"column":1},"end":{"line":100,"column":37}}},"15":{"name":"removeClass","line":109,"loc":{"start":{"line":109,"column":1},"end":{"line":109,"column":40}}},"16":{"name":"hasClass","line":118,"loc":{"start":{"line":118,"column":1},"end":{"line":118,"column":37}}},"17":{"name":"getPageOffset","line":123,"loc":{"start":{"line":123,"column":1},"end":{"line":123,"column":28}}},"18":{"name":"getActions","line":139,"loc":{"start":{"line":139,"column":1},"end":{"line":139,"column":25}}},"19":{"name":"subRangeRatio","line":162,"loc":{"start":{"line":162,"column":1},"end":{"line":162,"column":35}}},"20":{"name":"fromPercentage","line":167,"loc":{"start":{"line":167,"column":1},"end":{"line":167,"column":42}}},"21":{"name":"toPercentage","line":172,"loc":{"start":{"line":172,"column":1},"end":{"line":172,"column":40}}},"22":{"name":"isPercentage","line":179,"loc":{"start":{"line":179,"column":1},"end":{"line":179,"column":40}}},"23":{"name":"getJ","line":186,"loc":{"start":{"line":186,"column":1},"end":{"line":186,"column":30}}},"24":{"name":"toStepping","line":198,"loc":{"start":{"line":198,"column":1},"end":{"line":198,"column":43}}},"25":{"name":"fromStepping","line":215,"loc":{"start":{"line":215,"column":1},"end":{"line":215,"column":45}}},"26":{"name":"getStep","line":233,"loc":{"start":{"line":233,"column":1},"end":{"line":233,"column":48}}},"27":{"name":"handleEntryPoint","line":268,"loc":{"start":{"line":268,"column":1},"end":{"line":268,"column":50}}},"28":{"name":"handleStepPoint","line":314,"loc":{"start":{"line":314,"column":1},"end":{"line":314,"column":41}}},"29":{"name":"Spectrum","line":342,"loc":{"start":{"line":342,"column":1},"end":{"line":342,"column":58}}},"30":{"name":"(anonymous_30)","line":364,"loc":{"start":{"line":364,"column":16},"end":{"line":364,"column":31}}},"31":{"name":"(anonymous_31)","line":366,"loc":{"start":{"line":366,"column":16},"end":{"line":366,"column":31}}},"32":{"name":"(anonymous_32)","line":385,"loc":{"start":{"line":385,"column":32},"end":{"line":385,"column":51}}},"33":{"name":"(anonymous_33)","line":396,"loc":{"start":{"line":396,"column":33},"end":{"line":396,"column":52}}},"34":{"name":"(anonymous_34)","line":403,"loc":{"start":{"line":403,"column":35},"end":{"line":403,"column":54}}},"35":{"name":"(anonymous_35)","line":408,"loc":{"start":{"line":408,"column":30},"end":{"line":408,"column":49}}},"36":{"name":"(anonymous_36)","line":415,"loc":{"start":{"line":415,"column":37},"end":{"line":415,"column":56}}},"37":{"name":"(anonymous_37)","line":426,"loc":{"start":{"line":426,"column":40},"end":{"line":426,"column":52}}},"38":{"name":"(anonymous_38)","line":432,"loc":{"start":{"line":432,"column":30},"end":{"line":432,"column":49}}},"39":{"name":"(anonymous_39)","line":449,"loc":{"start":{"line":449,"column":32},"end":{"line":449,"column":49}}},"40":{"name":"testStep","line":453,"loc":{"start":{"line":453,"column":1},"end":{"line":453,"column":37}}},"41":{"name":"testRange","line":464,"loc":{"start":{"line":464,"column":1},"end":{"line":464,"column":38}}},"42":{"name":"testStart","line":484,"loc":{"start":{"line":484,"column":1},"end":{"line":484,"column":38}}},"43":{"name":"testSnap","line":502,"loc":{"start":{"line":502,"column":1},"end":{"line":502,"column":37}}},"44":{"name":"testAnimate","line":512,"loc":{"start":{"line":512,"column":1},"end":{"line":512,"column":40}}},"45":{"name":"testAnimationDuration","line":522,"loc":{"start":{"line":522,"column":1},"end":{"line":522,"column":50}}},"46":{"name":"testConnect","line":531,"loc":{"start":{"line":531,"column":1},"end":{"line":531,"column":40}}},"47":{"name":"testOrientation","line":567,"loc":{"start":{"line":567,"column":1},"end":{"line":567,"column":44}}},"48":{"name":"testMargin","line":583,"loc":{"start":{"line":583,"column":1},"end":{"line":583,"column":39}}},"49":{"name":"testLimit","line":601,"loc":{"start":{"line":601,"column":1},"end":{"line":601,"column":38}}},"50":{"name":"testPadding","line":614,"loc":{"start":{"line":614,"column":1},"end":{"line":614,"column":40}}},"51":{"name":"testDirection","line":639,"loc":{"start":{"line":639,"column":1},"end":{"line":639,"column":42}}},"52":{"name":"testBehaviour","line":656,"loc":{"start":{"line":656,"column":1},"end":{"line":656,"column":42}}},"53":{"name":"testTooltips","line":690,"loc":{"start":{"line":690,"column":1},"end":{"line":690,"column":41}}},"54":{"name":"(anonymous_54)","line":713,"loc":{"start":{"line":713,"column":27},"end":{"line":713,"column":46}}},"55":{"name":"testFormat","line":721,"loc":{"start":{"line":721,"column":1},"end":{"line":721,"column":39}}},"56":{"name":"testCssPrefix","line":733,"loc":{"start":{"line":733,"column":1},"end":{"line":733,"column":42}}},"57":{"name":"testCssClasses","line":742,"loc":{"start":{"line":742,"column":1},"end":{"line":742,"column":43}}},"58":{"name":"testUseRaf","line":761,"loc":{"start":{"line":761,"column":1},"end":{"line":761,"column":39}}},"59":{"name":"testOptions","line":770,"loc":{"start":{"line":770,"column":1},"end":{"line":770,"column":34}}},"60":{"name":"(anonymous_60)","line":853,"loc":{"start":{"line":853,"column":29},"end":{"line":853,"column":45}}},"61":{"name":"closure","line":881,"loc":{"start":{"line":881,"column":0},"end":{"line":881,"column":53}}},"62":{"name":"addOrigin","line":900,"loc":{"start":{"line":900,"column":1},"end":{"line":900,"column":43}}},"63":{"name":"addConnect","line":919,"loc":{"start":{"line":919,"column":1},"end":{"line":919,"column":35}}},"64":{"name":"addElements","line":929,"loc":{"start":{"line":929,"column":1},"end":{"line":929,"column":47}}},"65":{"name":"addSlider","line":948,"loc":{"start":{"line":948,"column":1},"end":{"line":948,"column":31}}},"66":{"name":"addTooltip","line":969,"loc":{"start":{"line":969,"column":1},"end":{"line":969,"column":46}}},"67":{"name":"tooltips","line":979,"loc":{"start":{"line":979,"column":1},"end":{"line":979,"column":23}}},"68":{"name":"(anonymous_68)","line":984,"loc":{"start":{"line":984,"column":22},"end":{"line":984,"column":64}}},"69":{"name":"getGroup","line":1001,"loc":{"start":{"line":1001,"column":1},"end":{"line":1001,"column":45}}},"70":{"name":"(anonymous_70)","line":1032,"loc":{"start":{"line":1032,"column":21},"end":{"line":1032,"column":38}}},"71":{"name":"(anonymous_71)","line":1042,"loc":{"start":{"line":1042,"column":22},"end":{"line":1042,"column":39}}},"72":{"name":"generateSpread","line":1055,"loc":{"start":{"line":1055,"column":1},"end":{"line":1055,"column":50}}},"73":{"name":"safeIncrement","line":1057,"loc":{"start":{"line":1057,"column":2},"end":{"line":1057,"column":43}}},"74":{"name":"(anonymous_74)","line":1070,"loc":{"start":{"line":1070,"column":36},"end":{"line":1070,"column":50}}},"75":{"name":"(anonymous_75)","line":1084,"loc":{"start":{"line":1084,"column":16},"end":{"line":1084,"column":44}}},"76":{"name":"addMarking","line":1170,"loc":{"start":{"line":1170,"column":1},"end":{"line":1170,"column":55}}},"77":{"name":"getClasses","line":1196,"loc":{"start":{"line":1196,"column":2},"end":{"line":1196,"column":37}}},"78":{"name":"getTags","line":1204,"loc":{"start":{"line":1204,"column":2},"end":{"line":1204,"column":45}}},"79":{"name":"addSpread","line":1208,"loc":{"start":{"line":1208,"column":2},"end":{"line":1208,"column":39}}},"80":{"name":"(anonymous_80)","line":1223,"loc":{"start":{"line":1223,"column":30},"end":{"line":1223,"column":41}}},"81":{"name":"pips","line":1232,"loc":{"start":{"line":1232,"column":1},"end":{"line":1232,"column":24}}},"82":{"name":"baseSize","line":1254,"loc":{"start":{"line":1254,"column":1},"end":{"line":1254,"column":23}}},"83":{"name":"attachEvent","line":1260,"loc":{"start":{"line":1260,"column":1},"end":{"line":1260,"column":58}}},"84":{"name":"(anonymous_84)","line":1265,"loc":{"start":{"line":1265,"column":15},"end":{"line":1265,"column":29}}},"85":{"name":"(anonymous_85)","line":1302,"loc":{"start":{"line":1302,"column":28},"end":{"line":1302,"column":49}}},"86":{"name":"fixEvent","line":1311,"loc":{"start":{"line":1311,"column":1},"end":{"line":1311,"column":37}}},"87":{"name":"calcPointToPercentage","line":1362,"loc":{"start":{"line":1362,"column":1},"end":{"line":1362,"column":46}}},"88":{"name":"getClosestHandle","line":1369,"loc":{"start":{"line":1369,"column":1},"end":{"line":1369,"column":40}}},"89":{"name":"(anonymous_89)","line":1374,"loc":{"start":{"line":1374,"column":24},"end":{"line":1374,"column":47}}},"90":{"name":"moveHandles","line":1394,"loc":{"start":{"line":1394,"column":1},"end":{"line":1394,"column":69}}},"91":{"name":"(anonymous_91)","line":1413,"loc":{"start":{"line":1413,"column":25},"end":{"line":1413,"column":51}}},"92":{"name":"(anonymous_92)","line":1435,"loc":{"start":{"line":1435,"column":24},"end":{"line":1435,"column":50}}},"93":{"name":"(anonymous_93)","line":1441,"loc":{"start":{"line":1441,"column":25},"end":{"line":1441,"column":47}}},"94":{"name":"fireEvent","line":1449,"loc":{"start":{"line":1449,"column":1},"end":{"line":1449,"column":53}}},"95":{"name":"(anonymous_95)","line":1451,"loc":{"start":{"line":1451,"column":36},"end":{"line":1451,"column":60}}},"96":{"name":"(anonymous_96)","line":1456,"loc":{"start":{"line":1456,"column":38},"end":{"line":1456,"column":59}}},"97":{"name":"documentLeave","line":1479,"loc":{"start":{"line":1479,"column":1},"end":{"line":1479,"column":40}}},"98":{"name":"eventMove","line":1486,"loc":{"start":{"line":1486,"column":1},"end":{"line":1486,"column":36}}},"99":{"name":"eventEnd","line":1507,"loc":{"start":{"line":1507,"column":1},"end":{"line":1507,"column":35}}},"100":{"name":"(anonymous_100)","line":1522,"loc":{"start":{"line":1522,"column":49},"end":{"line":1522,"column":63}}},"101":{"name":"(anonymous_101)","line":1531,"loc":{"start":{"line":1531,"column":29},"end":{"line":1531,"column":51}}},"102":{"name":"eventStart","line":1539,"loc":{"start":{"line":1539,"column":1},"end":{"line":1539,"column":37}}},"103":{"name":"(anonymous_103)","line":1593,"loc":{"start":{"line":1593,"column":11},"end":{"line":1593,"column":21}}},"104":{"name":"(anonymous_104)","line":1603,"loc":{"start":{"line":1603,"column":29},"end":{"line":1603,"column":51}}},"105":{"name":"eventTap","line":1609,"loc":{"start":{"line":1609,"column":1},"end":{"line":1609,"column":29}}},"106":{"name":"eventHover","line":1643,"loc":{"start":{"line":1643,"column":1},"end":{"line":1643,"column":31}}},"107":{"name":"(anonymous_107)","line":1650,"loc":{"start":{"line":1650,"column":36},"end":{"line":1650,"column":60}}},"108":{"name":"(anonymous_108)","line":1652,"loc":{"start":{"line":1652,"column":38},"end":{"line":1652,"column":59}}},"109":{"name":"bindSliderEvents","line":1660,"loc":{"start":{"line":1660,"column":1},"end":{"line":1660,"column":41}}},"110":{"name":"(anonymous_110)","line":1665,"loc":{"start":{"line":1665,"column":25},"end":{"line":1665,"column":50}}},"111":{"name":"(anonymous_111)","line":1688,"loc":{"start":{"line":1688,"column":26},"end":{"line":1688,"column":52}}},"112":{"name":"(anonymous_112)","line":1709,"loc":{"start":{"line":1709,"column":25},"end":{"line":1709,"column":49}}},"113":{"name":"checkHandlePosition","line":1721,"loc":{"start":{"line":1721,"column":1},"end":{"line":1721,"column":89}}},"114":{"name":"toPct","line":1776,"loc":{"start":{"line":1776,"column":1},"end":{"line":1776,"column":24}}},"115":{"name":"updateHandlePosition","line":1781,"loc":{"start":{"line":1781,"column":1},"end":{"line":1781,"column":52}}},"116":{"name":"(anonymous_116)","line":1790,"loc":{"start":{"line":1790,"column":20},"end":{"line":1790,"column":31}}},"117":{"name":"setZindex","line":1807,"loc":{"start":{"line":1807,"column":1},"end":{"line":1807,"column":24}}},"118":{"name":"(anonymous_118)","line":1809,"loc":{"start":{"line":1809,"column":30},"end":{"line":1809,"column":52}}},"119":{"name":"setHandle","line":1820,"loc":{"start":{"line":1820,"column":1},"end":{"line":1820,"column":68}}},"120":{"name":"updateConnect","line":1834,"loc":{"start":{"line":1834,"column":1},"end":{"line":1834,"column":34}}},"121":{"name":"setValue","line":1857,"loc":{"start":{"line":1857,"column":1},"end":{"line":1857,"column":40}}},"122":{"name":"valueSet","line":1880,"loc":{"start":{"line":1880,"column":1},"end":{"line":1880,"column":43}}},"123":{"name":"(anonymous_123)","line":1897,"loc":{"start":{"line":1897,"column":30},"end":{"line":1897,"column":52}}},"124":{"name":"(anonymous_124)","line":1903,"loc":{"start":{"line":1903,"column":30},"end":{"line":1903,"column":52}}},"125":{"name":"valueReset","line":1915,"loc":{"start":{"line":1915,"column":1},"end":{"line":1915,"column":38}}},"126":{"name":"valueGet","line":1920,"loc":{"start":{"line":1920,"column":1},"end":{"line":1920,"column":23}}},"127":{"name":"destroy","line":1933,"loc":{"start":{"line":1933,"column":1},"end":{"line":1933,"column":22}}},"128":{"name":"getCurrentStep","line":1948,"loc":{"start":{"line":1948,"column":1},"end":{"line":1948,"column":29}}},"129":{"name":"(anonymous_129)","line":1952,"loc":{"start":{"line":1952,"column":29},"end":{"line":1952,"column":56}}},"130":{"name":"bindEvent","line":2009,"loc":{"start":{"line":2009,"column":1},"end":{"line":2009,"column":50}}},"131":{"name":"(anonymous_131)","line":2015,"loc":{"start":{"line":2015,"column":25},"end":{"line":2015,"column":43}}},"132":{"name":"removeEvent","line":2022,"loc":{"start":{"line":2022,"column":1},"end":{"line":2022,"column":42}}},"133":{"name":"(anonymous_133)","line":2027,"loc":{"start":{"line":2027,"column":36},"end":{"line":2027,"column":52}}},"134":{"name":"updateOptions","line":2039,"loc":{"start":{"line":2039,"column":1},"end":{"line":2039,"column":58}}},"135":{"name":"(anonymous_135)","line":2049,"loc":{"start":{"line":2049,"column":21},"end":{"line":2049,"column":35}}},"136":{"name":"(anonymous_136)","line":2058,"loc":{"start":{"line":2058,"column":21},"end":{"line":2058,"column":35}}},"137":{"name":"(anonymous_137)","line":2098,"loc":{"start":{"line":2098,"column":17},"end":{"line":2098,"column":35}}},"138":{"name":"initialize","line":2125,"loc":{"start":{"line":2125,"column":1},"end":{"line":2125,"column":49}}}},"statementMap":{"1":{"start":{"line":3,"column":0},"end":{"line":2146,"column":4}},"2":{"start":{"line":5,"column":4},"end":{"line":19,"column":5}},"3":{"start":{"line":8,"column":8},"end":{"line":8,"column":28}},"4":{"start":{"line":10,"column":11},"end":{"line":19,"column":5}},"5":{"start":{"line":13,"column":8},"end":{"line":13,"column":35}},"6":{"start":{"line":18,"column":8},"end":{"line":18,"column":38}},"7":{"start":{"line":25,"column":1},"end":{"line":25,"column":23}},"8":{"start":{"line":29,"column":1},"end":{"line":34,"column":2}},"9":{"start":{"line":30,"column":2},"end":{"line":30,"column":42}},"10":{"start":{"line":31,"column":2},"end":{"line":31,"column":27}},"11":{"start":{"line":32,"column":2},"end":{"line":32,"column":26}},"12":{"start":{"line":33,"column":2},"end":{"line":33,"column":13}},"13":{"start":{"line":37,"column":1},"end":{"line":41,"column":2}},"14":{"start":{"line":38,"column":2},"end":{"line":40,"column":9}},"15":{"start":{"line":39,"column":3},"end":{"line":39,"column":44}},"16":{"start":{"line":44,"column":1},"end":{"line":46,"column":2}},"17":{"start":{"line":45,"column":2},"end":{"line":45,"column":37}},"18":{"start":{"line":49,"column":1},"end":{"line":64,"column":2}},"19":{"start":{"line":51,"column":1},"end":{"line":54,"column":31}},"20":{"start":{"line":59,"column":2},"end":{"line":61,"column":3}},"21":{"start":{"line":60,"column":3},"end":{"line":60,"column":20}},"22":{"start":{"line":63,"column":2},"end":{"line":63,"column":119}},"23":{"start":{"line":67,"column":1},"end":{"line":69,"column":2}},"24":{"start":{"line":68,"column":2},"end":{"line":68,"column":63}},"25":{"start":{"line":72,"column":1},"end":{"line":79,"column":2}},"26":{"start":{"line":73,"column":2},"end":{"line":78,"column":3}},"27":{"start":{"line":74,"column":2},"end":{"line":74,"column":31}},"28":{"start":{"line":75,"column":3},"end":{"line":77,"column":16}},"29":{"start":{"line":76,"column":4},"end":{"line":76,"column":36}},"30":{"start":{"line":82,"column":1},"end":{"line":84,"column":2}},"31":{"start":{"line":83,"column":2},"end":{"line":83,"column":39}},"32":{"start":{"line":88,"column":1},"end":{"line":90,"column":2}},"33":{"start":{"line":89,"column":2},"end":{"line":89,"column":36}},"34":{"start":{"line":93,"column":1},"end":{"line":97,"column":2}},"35":{"start":{"line":94,"column":2},"end":{"line":94,"column":26}},"36":{"start":{"line":95,"column":2},"end":{"line":95,"column":33}},"37":{"start":{"line":96,"column":2},"end":{"line":96,"column":50}},"38":{"start":{"line":100,"column":1},"end":{"line":106,"column":2}},"39":{"start":{"line":101,"column":2},"end":{"line":105,"column":3}},"40":{"start":{"line":102,"column":3},"end":{"line":102,"column":31}},"41":{"start":{"line":104,"column":3},"end":{"line":104,"column":35}},"42":{"start":{"line":109,"column":1},"end":{"line":115,"column":2}},"43":{"start":{"line":110,"column":2},"end":{"line":114,"column":3}},"44":{"start":{"line":111,"column":3},"end":{"line":111,"column":34}},"45":{"start":{"line":113,"column":3},"end":{"line":113,"column":118}},"46":{"start":{"line":118,"column":1},"end":{"line":120,"column":2}},"47":{"start":{"line":119,"column":2},"end":{"line":119,"column":116}},"48":{"start":{"line":123,"column":1},"end":{"line":134,"column":2}},"49":{"start":{"line":125,"column":2},"end":{"line":128,"column":124}},"50":{"start":{"line":130,"column":2},"end":{"line":133,"column":4}},"51":{"start":{"line":139,"column":1},"end":{"line":156,"column":2}},"52":{"start":{"line":143,"column":2},"end":{"line":155,"column":4}},"53":{"start":{"line":162,"column":1},"end":{"line":164,"column":2}},"54":{"start":{"line":163,"column":2},"end":{"line":163,"column":27}},"55":{"start":{"line":167,"column":1},"end":{"line":169,"column":2}},"56":{"start":{"
[...]
pr","locations":[{"start":{"line":33,"column":8},"end":{"line":33,"column":32}},{"start":{"line":33,"column":36},"end":{"line":33,"column":59}},{"start":{"line":33,"column":63},"end":{"line":33,"column":76}}]},"9":{"line":38,"type":"if","locations":[{"start":{"line":38,"column":3},"end":{"line":38,"column":3}},{"start":{"line":38,"column":3},"end":{"line":38,"column":3}}]},"10":{"line":38,"type":"binary-expr","locations":[{"start":{"line":38,"column":8},"end":{"line":38,"column":18}},{"start":{"line":38,"column":22},"end":{"line":38,"column":31}}]},"11":{"line":76,"type":"if","locations":[{"start":{"line":76,"column":2},"end":{"line":76,"column":2}},{"start":{"line":76,"column":2},"end":{"line":76,"column":2}}]},"12":{"line":80,"type":"if","locations":[{"start":{"line":80,"column":2},"end":{"line":80,"column":2}},{"start":{"line":80,"column":2},"end":{"line":80,"column":2}}]},"13":{"line":86,"type":"if","locations":[{"start":{"line":86,"column":3},"end":{"line":86,"column":3}},{"start":{"line":86,"column":3},"end":{"line":86,"column":3}}]},"14":{"line":96,"type":"binary-expr","locations":[{"start":{"line":96,"column":15},"end":{"line":96,"column":25}},{"start":{"line":96,"column":29},"end":{"line":96,"column":44}}]},"15":{"line":98,"type":"if","locations":[{"start":{"line":98,"column":2},"end":{"line":98,"column":2}},{"start":{"line":98,"column":2},"end":{"line":98,"column":2}}]},"16":{"line":98,"type":"binary-expr","locations":[{"start":{"line":98,"column":7},"end":{"line":98,"column":12}},{"start":{"line":98,"column":16},"end":{"line":98,"column":23}}]},"17":{"line":105,"type":"binary-expr","locations":[{"start":{"line":105,"column":13},"end":{"line":105,"column":18}},{"start":{"line":105,"column":22},"end":{"line":105,"column":29}}]},"18":{"line":114,"type":"cond-expr","locations":[{"start":{"line":114,"column":23},"end":{"line":114,"column":37}},{"start":{"line":114,"column":40},"end":{"line":114,"column":48}}]},"19":{"line":126,"type":"if","locations":[{"start":{"line":126,"column":3},"end":{"line":126,"column":3}},{"start":{"line":126,"column":3},"end":{"line":126,"column":3}}]},"20":{"line":132,"type":"if","locations":[{"start":{"line":132,"column":3},"end":{"line":132,"column":3}},{"start":{"line":132,"column":3},"end":{"line":132,"column":3}}]},"21":{"line":155,"type":"if","locations":[{"start":{"line":155,"column":2},"end":{"line":155,"column":2}},{"start":{"line":155,"column":2},"end":{"line":155,"column":2}}]},"22":{"line":160,"type":"if","locations":[{"start":{"line":160,"column":2},"end":{"line":160,"column":2}},{"start":{"line":160,"column":2},"end":{"line":160,"column":2}}]},"23":{"line":167,"type":"if","locations":[{"start":{"line":167,"column":4},"end":{"line":167,"column":4}},{"start":{"line":167,"column":4},"end":{"line":167,"column":4}}]},"24":{"line":185,"type":"binary-expr","locations":[{"start":{"line":185,"column":11},"end":{"line":185,"column":82}},{"start":{"line":185,"column":86},"end":{"line":185,"column":91}}]},"25":{"line":189,"type":"if","locations":[{"start":{"line":189,"column":2},"end":{"line":189,"column":2}},{"start":{"line":189,"column":2},"end":{"line":189,"column":2}}]},"26":{"line":204,"type":"if","locations":[{"start":{"line":204,"column":3},"end":{"line":204,"column":3}},{"start":{"line":204,"column":3},"end":{"line":204,"column":3}}]},"27":{"line":217,"type":"binary-expr","locations":[{"start":{"line":217,"column":6},"end":{"line":217,"column":9}},{"start":{"line":217,"column":13},"end":{"line":217,"column":18}}]}},"code":["","\t// Shorthand for base dimensions.","\tfunction baseSize ( ) {","\t\tvar rect = scope_Base.getBoundingClientRect(), alt = 'offset' + ['Width', 'Height'][options.ort];","\t\treturn options.ort === 0 ? (rect.width||scope_Base[alt]) : (rect.height||scope_Base[alt]);","\t}","","\t// Handler for attaching events trough a proxy.","\tfunction attachEvent ( events, element, callback, data ) {","","\t\t// This function can be used to 'filter' events to the slider.","\t\t// element is a node, not a nodeList","","\t\tvar method = function ( e ){","","\t\t\tif ( scope_Target.hasAttribute('disabled') ) {","\t\t\t\treturn false;","\t\t\t}","","\t\t\t// Stop if an active 'tap' transition is taking place.","\t\t\tif ( hasClass(scope_Target, options.cssClasses.tap) ) {","\t\t\t\treturn false;","\t\t\t}","","\t\t\te = fixEvent(e, data.pageOffset);","","\t\t\t// Handle reject of multitouch","\t\t\tif ( !e ) {","\t\t\t\treturn false;","\t\t\t}","","\t\t\t// Ignore right or middle clicks on start #454","\t\t\tif ( events === actions.start && e.buttons !== undefined && e.buttons > 1 ) {","\t\t\t\treturn false;","\t\t\t}","","\t\t\t// Ignore right or middle clicks on start #454","\t\t\tif ( data.hover && e.buttons ) {","\t\t\t\treturn false;","\t\t\t}","","\t\t\te.calcPoint = e.points[ options.ort ];","","\t\t\t// Call the event handler with the event [ and additional data ].","\t\t\tcallback ( e, data );","\t\t};","","\t\tvar methods = [];","","\t\t// Bind a closure on the target for every event type.","\t\tevents.split(' ').forEach(function( eventName ){","\t\t\telement.addEventListener(eventName, method, false);","\t\t\tmethods.push([eventName, method]);","\t\t});","","\t\treturn methods;","\t}","","\t// Provide a clean event with standardized offset values.","\tfunction fixEvent ( e, pageOffset ) {","","\t\t// Prevent scrolling and panning on touch events, while","\t\t// attempting to slide. The tap event also depends on this.","\t\te.preventDefault();","","\t\t// Filter the event to register the type, which can be","\t\t// touch, mouse or pointer. Offset changes need to be","\t\t// made on an event specific basis.","\t\tvar touch = e.type.indexOf('touch') === 0;","\t\tvar mouse = e.type.indexOf('mouse') === 0;","\t\tvar pointer = e.type.indexOf('pointer') === 0;","\t\tvar x;","\t\tvar y;","","\t\t// IE10 implemented pointer events with a prefix;","\t\tif ( e.type.indexOf('MSPointer') === 0 ) {","\t\t\tpointer = true;","\t\t}","","\t\tif ( touch ) {","","\t\t\t// Fix bug when user touches with two or more fingers on mobile devices.","\t\t\t// It's useful when you have two or more sliders on one page,","\t\t\t// that can be touched simultaneously.","\t\t\t// #649, #663, #668","\t\t\tif ( e.touches.length > 1 ) {","\t\t\t\treturn false;","\t\t\t}","","\t\t\t// noUiSlider supports one movement at a time,","\t\t\t// so we can select the first 'changedTouch'.","\t\t\tx = e.changedTouches[0].pageX;","\t\t\ty = e.changedTouches[0].pageY;","\t\t}","","\t\tpageOffset = pageOffset || getPageOffset();","","\t\tif ( mouse || pointer ) {","\t\t\tx = e.clientX + pageOffset.x;","\t\t\ty = e.clientY + pageOffset.y;","\t\t}","","\t\te.pageOffset = pageOffset;","\t\te.points = [x, y];","\t\te.cursor = mouse || pointer; // Fix #435","","\t\treturn e;","\t}","","\t// Translate a coordinate in the document to a percentage on the slider","\tfunction calcPointToPercentage ( calcPoint ) {","\t\tvar location = calcPoint - offset(scope_Base, options.ort);","\t\tvar proposal = ( location * 100 ) / baseSize();","\t\treturn options.dir ? 100 - proposal : proposal;","\t}","","\t// Find handle closest to a certain percentage on the slider","\tfunction getClosestHandle ( proposal ) {","","\t\tvar closest = 100;","\t\tvar handleNumber = false;","","\t\tscope_Handles.forEach(function(handle, index){","","\t\t\t// Disabled handles are ignored","\t\t\tif ( handle.hasAttribute('disabled') ) {","\t\t\t\treturn;","\t\t\t}","","\t\t\tvar pos = Math.abs(scope_Locations[index] - proposal);","","\t\t\tif ( pos < closest ) {","\t\t\t\thandleNumber = index;","\t\t\t\tclosest = pos;","\t\t\t}","\t\t});","","\t\treturn handleNumber;","\t}","","\t// Moves handle(s) by a percentage","\t// (bool, % to move, [% where handle started, ...], [index in scope_Handles, ...])","\tfunction moveHandles ( upward, proposal, locations, handleNumbers ) {","","\t\tvar proposals = locations.slice();","","\t\tvar b = [!upward, upward];","\t\tvar f = [upward, !upward];","","\t\t// Copy handleNumbers so we don't change the dataset","\t\thandleNumbers = handleNumbers.slice();","","\t\t// Check to see which handle is 'leading'.","\t\t// If that one can't move the second can't either.","\t\tif ( upward ) {","\t\t\thandleNumbers.reverse();","\t\t}","","\t\t// Step 1: get the maximum percentage that any of the handles can move","\t\tif ( handleNumbers.length > 1 ) {","","\t\t\thandleNumbers.forEach(function(handleNumber, o) {","","\t\t\t\tvar to = checkHandlePosition(proposals, handleNumber, proposals[handleNumber] + proposal, b[o], f[o]);","","\t\t\t\t// Stop if one of the handles can't move.","\t\t\t\tif ( to === false ) {","\t\t\t\t\tproposal = 0;","\t\t\t\t} else {","\t\t\t\t\tproposal = to - proposals[handleNumber];","\t\t\t\t\tproposals[handleNumber] = to;","\t\t\t\t}","\t\t\t});","\t\t}","","\t\t// If using one handle, check backward AND forward","\t\telse {","\t\t\tb = f = [true];","\t\t}","","\t\tvar state = false;","","\t\t// Step 2: Try to set the handles with the found percentage","\t\thandleNumbers.forEach(function(handleNumber, o) {","\t\t\tstate = setHandle(handleNumber, locations[handleNumber] + proposal, b[o], f[o]) || state;","\t\t});","","\t\t// Step 3: If a handle moved, fire events","\t\tif ( state ) {","\t\t\thandleNumbers.forEach(function(handleNumber){","\t\t\t\tfireEvent('update', handleNumber);","\t\t\t\tfireEvent('slide', handleNumber);","\t\t\t});","\t\t}","\t}","","\t// External event handling","\tfunction fireEvent ( eventName, handleNumber, tap ) {","","\t\tObject.keys(scope_Events).forEach(function( targetEvent ) {","","\t\t\tvar eventType = targetEvent.split('.')[0];","","\t\t\tif ( eventName === eventType ) {","\t\t\t\tscope_Events[targetEvent].forEach(function( callback ) {","","\t\t\t\t\tcallback.call(","\t\t\t\t\t\t// Use the slider public API as the scope ('this')","\t\t\t\t\t\tscope_Self,","\t\t\t\t\t\t// Return values as array, so arg_1[arg_2] is always valid.","\t\t\t\t\t\tscope_Values.map(options.format.to),","\t\t\t\t\t\t// Handle index, 0 or 1","\t\t\t\t\t\thandleNumber,","\t\t\t\t\t\t// Unformatted slider values","\t\t\t\t\t\tscope_Values.slice(),","\t\t\t\t\t\t// Event is fired by tap, true or false","\t\t\t\t\t\ttap || false,","\t\t\t\t\t\t// Left offset of the handle, in relation to the slider","\t\t\t\t\t\tscope_Locations.slice()","\t\t\t\t\t);","\t\t\t\t});","\t\t\t}","\t\t});","\t}",""],"l":{"3":1,"4":0,"5":0,"9":1,"14":0,"16":0,"17":0,"21":0,"22":0,"25":0,"28":0,"29":0,"33":0,"34":0,"38":0,"39":0,"42":0,"45":0,"48":0,"51":0,"52":0,"53":0,"56":0,"60":1,"64":0,"69":0,"70":0,"71":0,"72":0,"73":0,"76":0,"77":0,"80":0,"86":0,"87":0,"92":0,"93":0,"96":0,"98":0,"99":0,"100":0,"103":0,"104":0,"105":0,"107":0,"111":1,"112":0,"113":0,"114":0,"118":1,"120":0,"121":0,"123":0,"126":0,"127":0,"130":0,"132":0,"133":0,"134":0,"138":0,"143":1,"145":0,"147":0,"148":0,"151":0,"155":0,"156":0,"160":0,"162":0,"164":0,"167":0,"168":0,"170":0,"171":0,"178":0,"181":0,"184":0,"185":0,"189":0,"190":0,"191":0,"192":0,"198":1,"200":0,"202":0,"204":0,"205":0,"207":0}},"/home/travis/build/npmtest/node-npmtest-nouislider/node_modules/nouislider/src/js/structure.js":{"path":"/home/travis/build/npmtest/node-npmtest-nouislider/node_modules/nouislider/src/js/structure.js","s":{"1":1,"2":0,"3":0,"4":0,"5":0,"6":0,"7":0,"8":0,"9":0,"10":1,"11":0,"12":0,"13":0,"14":1,"15":0,"16":0,"17":0,"18":0,"19":0,"20":0,"21":0,"22":1,"23":0,"24":0,"25":0,"26":0,"27":0,"28":0,"29":0,"30":0},"b":{"1":[0,0],"2":[0,0],"3":[0,0],"4":[0,0],"5":[0,0]},"f":{"1":0,"2":0,"3":0,"4":0},"fnMap":{"1":{"name":"addOrigin","line":3,"loc":{"start":{"line":3,"column":1},"end":{"line":3,"column":43}}},"2":{"name":"addConnect","line":22,"loc":{"start":{"line":22,"column":1},"end":{"line":22,"column":35}}},"3":{"name":"addElements","line":32,"loc":{"start":{"line":32,"column":1},"end":{"line":32,"column":47}}},"4":{"name":"addSlider","line":51,"loc":{"start":{"line":51,"column":1},"end":{"line":51,"column":31}}}},"statementMap":{"1":{"start":{"line":3,"column":1},"end":{"line":19,"column":2}},"2":{"start":{"line":5,"column":2},"end":{"line":5,"column":58}},"3":{"start":{"line":6,"column":2},"end":{"line":6,"column":60}},"4":{"start":{"line":8,"column":2},"end":{"line":8,"column":51}},"5":{"start":{"line":10,"column":2},"end":{"line":16,"column":3}},"6":{"start":{"line":11,"column":3},"end":{"line":11,"column":52}},"7":{"start":{"line":14,"column":7},"end":{"line":16,"column":3}},"8":{"start":{"line":15,"column":3},"end":{"line":15,"column":52}},"9":{"start":{"line":18,"column":2},"end":{"line":18,"column":16}},"10":{"start":{"line":22,"column":1},"end":{"line":29,"column":2}},"11":{"start":{"line":24,"column":2},"end":{"line":26,"column":3}},"12":{"start":{"line":25,"column":3},"end":{"line":25,"column":16}},"13":{"start":{"line":28,"column":2},"end":{"line":28,"column":53}},"14":{"start":{"line":32,"column":1},"end":{"line":48,"column":2}},"15":{"start":{"line":34,"column":2},"end":{"line":34,"column":21}},"16":{"start":{"line":35,"column":2},"end":{"line":35,"column":22}},"17":{"start":{"line":37,"column":2},"end":{"line":37,"column":59}},"18":{"start":{"line":42,"column":2},"end":{"line":47,"column":3}},"19":{"start":{"line":44,"column":3},"end":{"line":44,"column":42}},"20":{"start":{"line":45,"column":3},"end":{"line":45,"column":30}},"21":{"start":{"line":46,"column":3},"end":{"line":46,"column":64}},"22":{"start":{"line":51,"column":1},"end":{"line":69,"column":2}},"23":{"start":{"line":54,"column":2},"end":{"line":54,"column":46}},"24":{"start":{"line":56,"column":2},"end":{"line":60,"column":3}},"25":{"start":{"line":57,"column":3},"end":{"line":57,"column":44}},"26":{"start":{"line":59,"column":3},"end":{"line":59,"column":44}},"27":{"start":{"line":62,"column":2},"end":{"line":66,"column":3}},"28":{"start":{"line":63,"column":3},"end":{"line":63,"column":51}},"29":{"start":{"line":65,"column":3},"end":{"line":65,"column":49}},"30":{"start":{"line":68,"column":2},"end":{"line":68,"column":58}}},"branchMap":{"1":{"line":10,"type":"if","locations":[{"start":{"line":10,"column":2},"end":{"line":10,"column":2}},{"start":{"line":10,"column":2},"end":{"line":10,"column":2}}]},"2":{"line":14,"type":"if","locations":[{"start":{"line":14,"column":7},"end":{"line":14,"column":7}},{"start":{"line":14,"column":7},"end":{"line":14,"column":7}}]},"3":{"line":24,"type":"if","locations":[{"start":{"line":24,"column":2},"end":{"line":24,"column":2}},{"start":{"line":24,"column":2},"end":{"line":24,"column":2}}]},"4":{"line":56,"type":"if","locations":[{"start":{"line":56,"column":2},"end":{"line":56,"column":2}},{"start":{"line":56,"column":2},"end":{"line":56,"column":2}}]},"5":{"line":62,"type":"if","locations":[{"start":{"line":62,"column":2},"end":{"line":62,"column":2}},{"start":{"line":62,"column":2},"end":{"line":62,"column":2}}]}},"code":["","\t// Append a origin to the base","\tfunction addOrigin ( base, handleNumber ) {","","\t\tvar origin = addNodeTo(base, options.cssClasses.origin);","\t\tvar handle = addNodeTo(origin, options.cssClasses.handle);","","\t\thandle.setAttribute('data-handle', handleNumber);","","\t\tif ( handleNumber === 0 ) {","\t\t\taddClass(handle, options.cssClasses.handleLower);","\t\t}","","\t\telse if ( handleNumber === options.handles - 1 ) {","\t\t\taddClass(handle, options.cssClasses.handleUpper);","\t\t}","","\t\treturn origin;","\t}","","\t// Insert nodes for connect elements","\tfunction addConnect ( base, add ) {","","\t\tif ( !add ) {","\t\t\treturn false;","\t\t}","","\t\treturn addNodeTo(base, options.cssClasses.connect);","\t}","","\t// Add handles to the slider base.","\tfunction addElements ( connectOptions, base ) {","","\t\tscope_Handles = [];","\t\tscope_Connects = [];","","\t\tscope_Connects.push(addConnect(base, connectOptions[0]));","","\t\t// [::::O====O====O====]","\t\t// connectOptions = [0, 1, 1, 1]","","\t\tfor ( var i = 0; i < options.handles; i++ ) {","\t\t\t// Keep a list of all added handles.","\t\t\tscope_Handles.push(addOrigin(base, i));","\t\t\tscope_HandleNumbers[i] = i;","\t\t\tscope_Connects.push(addConnect(base, connectOptions[i + 1]));","\t\t}","\t}","","\t// Initialize a single slider.","\tfunction addSlider ( target ) {","","\t\t// Apply classes and data to the target.","\t\taddClass(target, options.cssClasses.target);","","\t\tif ( options.dir === 0 ) {","\t\t\taddClass(target, options.cssClasses.ltr);","\t\t} else {","\t\t\taddClass(target, options.cssClasses.rtl);","\t\t}","","\t\tif ( options.ort === 0 ) {","\t\t\taddClass(target, options.cssClasses.horizontal);","\t\t} else {","\t\t\taddClass(target, options.cssClasses.vertical);","\t\t}","","\t\tscope_Base = addNodeTo(target, options.cssClasses.base);","\t}",""],"l":{"3":1,"5":0,"6":0,"8":0,"10":0,"11":0,"14":0,"15":0,"18":0,"22":1,"24":0,"25":0,"28":0,"32":1,"34":0,"35":0,"37":0,"42":0,"44":0,"45":0,"46":0,"51":1,"54":0,"56":0,"57":0,"59":0,"62":0,"63":0,"65":0,"68":0}},"/home/travis/build/npmtest/node-npmtest-nouislider/node_modules/nouislider/src/js/tooltips.js":{"path":"/home/travis/build/npmtest/node-npmtest-nouislider/node_modules/nouislider/src/js/tooltips.js","s":{"1":1,"2":0,"3":0,"4":0,"5":1,"6":0,"7":0,"8":0,"9":0,"10":0,"11":0,"12":0,"13":0},"b":{"1":[0,0],"2":[0,0],"3":[0,0]},"f":{"1":0,"2":0,"3":0},"fnMap":{"1":{"name":"addTooltip","line":2,"loc":{"start":{"line":2,"column":1},"end":{"line":2,"column":46}}},"2":{"name":"tooltips","line":12,"loc":{"start":{"line":12,"column":1},"end":{"line":12,"column":23}}},"3":{"name":"(anonymous_3)","line":17,"loc":{"start":{"line":17,"column":22},"end":{"line":17,"column":64}}}},"statementMap":{"1":{"start":{"line":2,"column":1},"end":{"line":9,"column":2}},"2":{"start":{"line":4,"column":2},"end":{"line":6,"column":3}},"3":{"start":{"line":5,"column":3},"end":{"line":5,"column":16}},"4":{"start":{"line":8,"column":2},"end":{"line":8,"column":66}},"5":{"start":{"line":12,"column":1},"end":{"line":31,"column":2}},"6":{"start":{"line":15,"column":2},"end":{"line":15,"column":43}},"7":{"start":{"line":17,"column":2},"end":{"line":30,"column":5}},"8":{"start":{"line":19,"column":3},"end":{"line":21,"column":4}},"9":{"start":{"line":20,"column":4},"end":{"line":20,"column":11}},"10":{"start":{"line":23,"column":3},"end":{"line":23,"column":45}},"11":{"start":{"line":25,"column":3},"end":{"line":27,"column":4}},"12":{"start":{"line":26,"column":4},"end":{"line":26,"column":80}},"13":{"start":{"line":29,"column":3},"end":{"line":29,"column":49}}},"branchMap":{"1":{"line":4,"type":"if","locations":[{"start":{"line":4,"column":2},"end":{"line":4,"column":2}},{"start":{"line":4,"column":2},"end":{"line":4,"column":2}}]},"2":{"line":19,"type":"if","locations":[{"start":{"line":19,"column":3},"end":{"line":19,"column":3}},{"start":{"line":19,"column":3},"end":{"line":19,"column":3}}]},"3":{"line":25,"type":"if","locations":[{"start":{"line":25,"column":3},"end":{"line":25,"column":3}},{"start":{"line":25,"column":3},"end":{"line":25,"column":3}}]}},"code":["","\tfunction addTooltip ( handle, handleNumber ) {","","\t\tif ( !options.tooltips[handleNumber] ) {","\t\t\treturn false;","\t\t}","","\t\treturn addNodeTo(handle.firstChild, options.cssClasses.tooltip);","\t}","","\t// The tooltips option is a shorthand for using the 'update' event.","\tfunction tooltips ( ) {","","\t\t// Tooltips are added with options.tooltips in original order.","\t\tvar tips = scope_Handles.map(addTooltip);","","\t\tbindEvent('update', function(values, handleNumber, unencoded) {","","\t\t\tif ( !tips[handleNumber] ) {","\t\t\t\treturn;","\t\t\t}","","\t\t\tvar formattedValue = values[handleNumber];","","\t\t\tif ( options.tooltips[handleNumber] !== true ) {","\t\t\t\tformattedValue = options.tooltips[handleNumber].to(unencoded[handleNumber]);","\t\t\t}","","\t\t\ttips[handleNumber].innerHTML = formattedValue;","\t\t});","\t}",""],"l":{"2":1,"4":0,"5":0,"8":0,"12":1,"15":0,"17":0,"19":0,"20":0,"23":0,"25":0,"26":0,"29":0}}}